GROUP,PACKAGE,CLASS,INSTRUCTION_MISSED,INSTRUCTION_COVERED,BRANCH_MISSED,BRANCH_COVERED,LINE_MISSED,LINE_COVERED,COMPLEXITY_MISSED,COMPLEXITY_COVERED,METHOD_MISSED,METHOD_COVERED
input-postag,com.stackroute.knowledgevault.inputpostag.config,KafkaProducerConfig,0,39,0,0,0,8,0,3,0,3
input-postag,com.stackroute.knowledgevault.inputpostag.config,KafkaConsumerConfig,0,88,0,0,0,19,0,5,0,5
input-postag,com.stackroute.knowledgevault.inputpostag.communicator,KafkaProducer,11,10,0,0,3,4,1,2,1,2
input-postag,com.stackroute.knowledgevault.inputpostag.communicator,KafkaConsumer,51,7,4,0,9,2,3,2,1,2
input-postag,com.stackroute.knowledgevault.inputpostag,InputPostagApplication,5,3,0,0,2,1,1,1,1,1
input-postag,com.stackroute.knowledgevault.domain,UserInput,127,0,16,0,9,0,20,0,12,0
input-postag,com.stackroute.knowledgevault.domain,InputPOS,118,0,16,0,5,0,18,0,10,0
