<?xml version="1.0" encoding="UTF-8"?>
<testsuite xmlns:xsi="http://www.w3.org/2001/XMLSchema-instance" xsi:noNamespaceSchemaLocation="https://maven.apache.org/surefire/maven-surefire-plugin/xsd/surefire-test-report.xsd" name="com.stackroute.knowledgevault.paragraphtokenizer.service.ParaTokenizerImplTest" time="0.599" tests="3" errors="0" skipped="0" failures="0">
  <properties>
[...]
</properties>
  <testcase name="tokenizePara" classname="com.stackroute.knowledgevault.paragraphtokenizer.service.ParaTokenizerImplTest" time="0.153"/>
  <testcase name="tokenizePara2" classname="com.stackroute.knowledgevault.paragraphtokenizer.service.ParaTokenizerImplTest" time="0.066"/>
  <testcase name="tokenizePara3" classname="com.stackroute.knowledgevault.paragraphtokenizer.service.ParaTokenizerImplTest" time="0.009"/>
</testsuite>