GROUP,PACKAGE,CLASS,INSTRUCTION_MISSED,INSTRUCTION_COVERED,BRANCH_MISSED,BRANCH_COVERED,LINE_MISSED,LINE_COVERED,COMPLEXITY_MISSED,COMPLEXITY_COVERED,METHOD_MISSED,METHOD_COVERED
user-registration-service,com.stackroute.exception,NoSuchUserException,7,0,0,0,3,0,1,0,1,0
user-registration-service,com.stackroute.exception,UserAlreadyExistsException,7,0,0,0,3,0,1,0,1,0
user-registration-service,com.stackroute.service,UserImpl,112,6,6,0,23,3,7,1,4,1
user-registration-service,com.stackroute.domain,User,143,0,22,0,11,0,22,0,11,0
user-registration-service,com.stackroute.domain,User.UserBuilder,38,0,0,0,1,0,5,0,5,0
user-registration-service,com.stackroute.domain,UserDetails,283,0,46,0,19,0,39,0,16,0
user-registration-service,com.stackroute.controller,UserController,149,11,0,0,37,4,4,1,4,1
user-registration-service,com.stackroute,UserregistrationApplication,5,3,0,0,2,1,1,1,1,1
user-registration-service,com.stackroute.config,KafkaPublisherConfig,0,39,0,0,0,8,0,3,0,3
