-------------------------------------------------------------------------------
Test set: com.stackroute.knowledgevault.queryEngine.QueryEngineApplicationTests
-------------------------------------------------------------------------------
Tests run: 1, Failures: 0, Errors: 1, Skipped: 0, Time elapsed: 8.904 s <<< FAILURE! - in com.stackroute.knowledgevault.queryEngine.QueryEngineApplicationTests
contextLoads(com.stackroute.knowledgevault.queryEngine.QueryEngineApplicationTests)  Time elapsed: 0.008 s  <<< ERROR!
java.lang.IllegalStateException: Failed to load ApplicationContext
Caused by: org.springframework.beans.factory.BeanCreationException: Error creating bean with name 'kafkaListenerContainerFactoryConfigurer' defined in class path resource [org/springframework/boot/autoconfigure/kafka/KafkaAnnotationDrivenConfiguration.class]: Post-processing of merged bean definition failed; nested exception is java.lang.IllegalStateException: Failed to introspect Class [org.springframework.boot.autoconfigure.kafka.ConcurrentKafkaListenerContainerFactoryConfigurer] from ClassLoader [jdk.internal.loader.ClassLoaders$AppClassLoader@4459eb14]
Caused by: java.lang.IllegalStateException: Failed to introspect Class [org.springframework.boot.autoconfigure.kafka.ConcurrentKafkaListenerContainerFactoryConfigurer] from ClassLoader [jdk.internal.loader.ClassLoaders$AppClassLoader@4459eb14]
Caused by: java.lang.NoClassDefFoundError: org/springframework/kafka/listener/config/ContainerProperties
Caused by: java.lang.ClassNotFoundException: org.springframework.kafka.listener.config.ContainerProperties

