<?xml version="1.0" encoding="UTF-8"?>
<testsuite xmlns:xsi="http://www.w3.org/2001/XMLSchema-instance" xsi:noNamespaceSchemaLocation="https://maven.apache.org/surefire/maven-surefire-plugin/xsd/surefire-test-report.xsd" name="com.stackroute.knowledgevault.queryEngine.QueryEngineApplicationTests" time="8.904" tests="1" errors="1" skipped="0" failures="0">
  <properties>
[...]
</properties>
  <testcase name="contextLoads" classname="com.stackroute.knowledgevault.queryEngine.QueryEngineApplicationTests" time="0.008">
    <error message="Failed to load ApplicationContext" type="java.lang.IllegalStateException">java.lang.IllegalStateException: Failed to load ApplicationContext
Caused by: org.springframework.beans.factory.BeanCreationException: Error creating bean with name 'kafkaListenerContainerFactoryConfigurer' defined in class path resource [org/springframework/boot/autoconfigure/kafka/KafkaAnnotationDrivenConfiguration.class]: Post-processing of merged bean definition failed; nested exception is java.lang.IllegalStateException: Failed to introspect Class [org.springframework.boot.autoconfigure.kafka.ConcurrentKafkaListenerContainerFactoryConfigurer] from ClassLoader [jdk.internal.loader.ClassLoaders$AppClassLoader@4459eb14]
Caused by: java.lang.IllegalStateException: Failed to introspect Class [org.springframework.boot.autoconfigure.kafka.ConcurrentKafkaListenerContainerFactoryConfigurer] from ClassLoader [jdk.internal.loader.ClassLoaders$AppClassLoader@4459eb14]
Caused by: java.lang.NoClassDefFoundError: org/springframework/kafka/listener/config/ContainerProperties
Caused by: java.lang.ClassNotFoundException: org.springframework.kafka.listener.config.ContainerProperties
</error>
    <system-out><![CDATA[10:07:57.386 [main] DEBUG org.springframework.test.context.junit4.SpringJUnit4ClassRunner - SpringJUnit4ClassRunner constructor called with [class com.stackroute.knowledgevault.queryEngine.QueryEngineApplicationTests]
10:07:57.403 [main] DEBUG org.springframework.test.context.BootstrapUtils - Instantiating CacheAwareContextLoaderDelegate from class [org.springframework.test.context.cache.DefaultCacheAwareContextLoaderDelegate]
10:07:57.433 [main] DEBUG org.springframework.test.context.BootstrapUtils - Instantiating BootstrapContext using constructor [public org.springframework.test.context.support.DefaultBootstrapContext(java.lang.Class,org.springframework.test.context.CacheAwareContextLoaderDelegate)]
10:07:57.497 [main] DEBUG org.springframework.test.context.BootstrapUtils - Instantiating TestContextBootstrapper for test class [com.stackroute.knowledgevault.queryEngine.QueryEngineApplicationTests] from class [org.springframework.boot.test.context.SpringBootTestContextBootstrapper]
10:07:57.534 [main] INFO org.springframework.boot.test.context.SpringBootTestContextBootstrapper - Neither @ContextConfiguration nor @ContextHierarchy found for test class [com.stackroute.knowledgevault.queryEngine.QueryEngineApplicationTests], using SpringBootContextLoader
10:07:57.544 [main] DEBUG org.springframework.test.context.support.AbstractContextLoader - Did not detect default resource location for test class [com.stackroute.knowledgevault.queryEngine.QueryEngineApplicationTests]: class path resource [com/stackroute/knowledgevault/queryEngine/QueryEngineApplicationTests-context.xml] does not exist
10:07:57.545 [main] DEBUG org.springframework.test.context.support.AbstractContextLoader - Did not detect default resource location for test class [com.stackroute.knowledgevault.queryEngine.QueryEngineApplicationTests]: class path resource [com/stackroute/knowledgevault/queryEngine/QueryEngineApplicationTestsContext.groovy] does not exist
10:07:57.545 [main] INFO org.springframework.test.context.support.AbstractContextLoader - Could not detect default resource locations for test class [com.stackroute.knowledgevault.queryEngine.QueryEngineApplicationTests]: no resource found for suffixes {-context.xml, Context.groovy}.
10:07:57.547 [main] INFO org.springframework.test.context.support.AnnotationConfigContextLoaderUtils - Could not detect default configuration classes for test class [com.stackroute.knowledgevault.queryEngine.QueryEngineApplicationTests]: QueryEngineApplicationTests does not declare any static, non-private, non-final, nested classes annotated with @Configuration.
10:07:57.940 [main] DEBUG org.springframework.test.context.support.ActiveProfilesUtils - Could not find an 'annotation declaring class' for annotation type [org.springframework.test.context.ActiveProfiles] and class [com.stackroute.knowledgevault.queryEngine.QueryEngineApplicationTests]
10:07:57.964 [main] DEBUG org.springframework.core.env.StandardEnvironment - Adding PropertySource 'systemProperties' with lowest search precedence
10:07:57.964 [main] DEBUG org.springframework.core.env.StandardEnvironment - Adding PropertySource 'systemEnvironment' with lowest search precedence
10:07:57.965 [main] DEBUG org.springframework.core.env.StandardEnvironment - Initialized StandardEnvironment with PropertySources [MapPropertySource@2024084964 {name='systemProperties', properties={sun.desktop=gnome, awt.toolkit=sun.awt.X11.XToolkit, java.specification.version=10, file.encoding.pkg=sun.io, sun.cpu.isalist=, sun.jnu.encoding=UTF-8, java.class.path=/home/cgi/Knowledge-vault-frontend/knowledge-vault/queryEngine/target/test-classes:/home/cgi/Knowledge-vault-frontend/knowledge-vault/queryEngine/target/classes:/home/cgi/.m2/repository/org/springframework/boot/spring-boot-starter-data-neo4j/2.0.6.RELEASE/spring-boot-starter-data-neo4j-2.0.6.RELEASE.jar:/home/cgi/.m2/repository/org/springframework/boot/spring-boot-starter/2.0.6.RELEASE/spring-boot-starter-2.0.6.RELEASE.jar:/home/cgi/.m2/repository/org/springframework/boot/spring-boot/2.0.6.RELEASE/spring-boot-2.0.6.RELEASE.jar:/home/cgi/.m2/repository/org/springframework/boot/spring-boot-autoconfigure/2.0.6.RELEASE/spring-boot-autoconfigure-2.0.6.RELEASE.jar:/home/cgi/.m2/repository/org/springframework/boot/spring-boot-starter-logging/2.0.6.RELEASE/spring-boot-starter-logging-2.0.6.RELEASE.jar:/home/cgi/.m2/repository/ch/qos/logback/logback-classic/1.2.3/logback-classic-1.2.3.jar:/home/cgi/.m2/repository/ch/qos/logback/logback-core/1.2.3/logback-core-1.2.3.jar:/home/cgi/.m2/repository/org/apache/logging/log4j/log4j-to-slf4j/2.10.0/log4j-to-slf4j-2.10.0.jar:/home/cgi/.m2/repository/org/apache/logging/log4j/log4j-api/2.10.0/log4j-api-2.10.0.jar:/home/cgi/.m2/repository/org/slf4j/jul-to-slf4j/1.7.25/jul-to-slf4j-1.7.25.jar:/home/cgi/.m2/repository/javax/annotation/javax.annotation-api/1.3.2/javax.annotation-api-1.3.2.jar:/home/cgi/.m2/repository/org/yaml/snakeyaml/1.19/snakeyaml-1.19.jar:/home/cgi/.m2/repository/org/springframework/data/spring-data-neo4j/5.0.11.RELEASE/spring-data-neo4j-5.0.11.RELEASE.jar:/home/cgi/.m2/repository/org/springframework/spring-beans/5.0.10.RELEASE/spring-beans-5.0.10.RELEASE.jar:/home/cgi/.m2/repository/org/springframework/data/spring-data-commons/2.0.11.RELEASE/spring-data-commons-2.0.11.RELEASE.jar:/home/cgi/.m2/repository/org/neo4j/neo4j-ogm-core/3.1.4/neo4j-ogm-core-3.1.4.jar:/home/cgi/.m2/repository/org/neo4j/neo4j-ogm-api/3.1.4/neo4j-ogm-api-3.1.4.jar:/home/cgi/.m2/repository/org/apache/commons/commons-lang3/3.7/commons-lang3-3.7.jar:/home/cgi/.m2/repository/io/github/lukehutch/fast-classpath-scanner/2.18.1/fast-classpath-scanner-2.18.1.jar:/home/cgi/.m2/repository/org/neo4j/neo4j-ogm-bolt-driver/3.1.4/neo4j-ogm-bolt-driver-3.1.4.jar:/home/cgi/.m2/repository/org/neo4j/driver/neo4j-java-driver/1.6.3/neo4j-java-driver-1.6.3.jar:/home/cgi/.m2/repository/commons-io/commons-io/2.4/commons-io-2.4.jar:/home/cgi/.m2/repository/org/slf4j/slf4j-api/1.7.25/slf4j-api-1.7.25.jar:/home/cgi/.m2/repository/org/springframework/kafka/spring-kafka/2.2.0.RELEASE/spring-kafka-2.2.0.RELEASE.jar:/home/cgi/.m2/repository/org/springframework/spring-context/5.0.10.RELEASE/spring-context-5.0.10.RELEASE.jar:/home/cgi/.m2/repository/org/springframework/spring-aop/5.0.10.RELEASE/spring-aop-5.0.10.RELEASE.jar:/home/cgi/.m2/repository/org/springframework/spring-expression/5.0.10.RELEASE/spring-expression-5.0.10.RELEASE.jar:/home/cgi/.m2/repository/org/springframework/spring-messaging/5.0.10.RELEASE/spring-messaging-5.0.10.RELEASE.jar:/home/cgi/.m2/repository/org/springframework/spring-tx/5.0.10.RELEASE/spring-tx-5.0.10.RELEASE.jar:/home/cgi/.m2/repository/org/springframework/retry/spring-retry/1.2.2.RELEASE/spring-retry-1.2.2.RELEASE.jar:/home/cgi/.m2/repository/org/apache/kafka/kafka-clients/1.0.2/kafka-clients-1.0.2.jar:/home/cgi/.m2/repository/org/lz4/lz4-java/1.4/lz4-java-1.4.jar:/home/cgi/.m2/repository/org/xerial/snappy/snappy-java/1.1.4/snappy-java-1.1.4.jar:/home/cgi/.m2/repository/org/springframework/boot/spring-boot-starter-web/2.0.6.RELEASE/spring-boot-starter-web-2.0.6.RELEASE.jar:/home/cgi/.m2/repository/org/springframework/boot/spring-boot-starter-json/2.0.6.RELEASE/spring-boot-starter-json-2.0.6.RELEASE.jar:/home/cgi/.m2/repository/com/fasterxml/jackson/datatype/jackson-datatype-jdk8/2.9.7/jackson-datatype-jdk8-2.9.7.jar:/home/cgi/.m2/repository/com/fasterxml/jackson/datatype/jackson-datatype-jsr310/2.9.7/jackson-datatype-jsr310-2.9.7.jar:/home/cgi/.m2/repository/com/fasterxml/jackson/module/jackson-module-parameter-names/2.9.7/jackson-module-parameter-names-2.9.7.jar:/home/cgi/.m2/repository/org/springframework/boot/spring-boot-starter-tomcat/2.0.6.RELEASE/spring-boot-starter-tomcat-2.0.6.RELEASE.jar:/home/cgi/.m2/repository/org/apache/tomcat/embed/tomcat-embed-core/8.5.34/tomcat-embed-core-8.5.34.jar:/home/cgi/.m2/repository/org/apache/tomcat/embed/tomcat-embed-el/8.5.34/tomcat-embed-el-8.5.34.jar:/home/cgi/.m2/repository/org/apache/tomcat/embed/tomcat-embed-websocket/8.5.34/tomcat-embed-websocket-8.5.34.jar:/home/cgi/.m2/repository/org/hibernate/validator/hibernate-validator/6.0.13.Final/hibernate-validator-6.0.13.Final.jar:/home/cgi/.m2/repository/javax/validation/validation-api/2.0.1.Final/validation-api-2.0.1.Final.jar:/home/cgi/.m2/repository/org/jboss/logging/jboss-logging/3.3.2.Final/jboss-logging-3.3.2.Final.jar:/home/cgi/.m2/repository/com/fasterxml/classmate/1.3.4/classmate-1.3.4.jar:/home/cgi/.m2/repository/org/springframework/spring-web/5.0.10.RELEASE/spring-web-5.0.10.RELEASE.jar:/home/cgi/.m2/repository/org/springframework/spring-webmvc/5.0.10.RELEASE/spring-webmvc-5.0.10.RELEASE.jar:/home/cgi/.m2/repository/org/projectlombok/lombok/1.18.4/lombok-1.18.4.jar:/home/cgi/.m2/repository/org/springframework/boot/spring-boot-starter-test/2.0.6.RELEASE/spring-boot-starter-test-2.0.6.RELEASE.jar:/home/cgi/.m2/repository/org/springframework/boot/spring-boot-test/2.0.6.RELEASE/spring-boot-test-2.0.6.RELEASE.jar:/home/cgi/.m2/repository/org/springframework/boot/spring-boot-test-autoconfigure/2.0.6.RELEASE/spring-boot-test-autoconfigure-2.0.6.RELEASE.jar:/home/cgi/.m2/repository/com/jayway/jsonpath/json-path/2.4.0/json-path-2.4.0.jar:/home/cgi/.m2/repository/net/minidev/json-smart/2.3/json-smart-2.3.jar:/home/cgi/.m2/repository/net/minidev/accessors-smart/1.2/accessors-smart-1.2.jar:/home/cgi/.m2/repository/org/assertj/assertj-core/3.9.1/assertj-core-3.9.1.jar:/home/cgi/.m2/repository/org/mockito/mockito-core/2.15.0/mockito-core-2.15.0.jar:/home/cgi/.m2/repository/net/bytebuddy/byte-buddy/1.7.11/byte-buddy-1.7.11.jar:/home/cgi/.m2/repository/net/bytebuddy/byte-buddy-agent/1.7.11/byte-buddy-agent-1.7.11.jar:/home/cgi/.m2/repository/org/objenesis/objenesis/2.6/objenesis-2.6.jar:/home/cgi/.m2/repository/org/hamcrest/hamcrest-core/1.3/hamcrest-core-1.3.jar:/home/cgi/.m2/repository/org/hamcrest/hamcrest-library/1.3/hamcrest-library-1.3.jar:/home/cgi/.m2/repository/org/skyscreamer/jsonassert/1.5.0/jsonassert-1.5.0.jar:/home/cgi/.m2/repository/com/vaadin/external/google/android-json/0.0.20131108.vaadin1/android-json-0.0.20131108.vaadin1.jar:/home/cgi/.m2/repository/org/springframework/spring-core/5.0.10.RELEASE/spring-core-5.0.10.RELEASE.jar:/home/cgi/.m2/repository/org/springframework/spring-jcl/5.0.10.RELEASE/spring-jcl-5.0.10.RELEASE.jar:/home/cgi/.m2/repository/org/springframework/spring-test/5.0.10.RELEASE/spring-test-5.0.10.RELEASE.jar:/home/cgi/.m2/repository/org/xmlunit/xmlunit-core/2.5.1/xmlunit-core-2.5.1.jar:/home/cgi/.m2/repository/com/fasterxml/jackson/core/jackson-databind/2.9.7/jackson-databind-2.9.7.jar:/home/cgi/.m2/repository/com/fasterxml/jackson/core/jackson-annotations/2.9.0/jackson-annotations-2.9.0.jar:/home/cgi/.m2/repository/com/fasterxml/jackson/core/jackson-core/2.9.7/jackson-core-2.9.7.jar:/home/cgi/.m2/repository/junit/junit/4.12/junit-4.12.jar:/home/cgi/.m2/repository/org/jacoco/jacoco-maven-plugin/0.8.2/jacoco-maven-plugin-0.8.2.jar:/home/cgi/.m2/repository/org/apache/maven/maven-plugin-api/2.2.1/maven-plugin-api-2.2.1.jar:/home/cgi/.m2/repository/org/apache/maven/maven-project/2.2.1/maven-project-2.2.1.jar:/home/cgi/.m2/repository/org/apache/maven/maven-settings/2.2.1/maven-settings-2.2.1.jar:/home/cgi/.m2/repository/org/apache/maven/maven-profile/2.2.1/maven-profile-2.2.1.jar:/home/cgi/.m2/repository/org/apache/maven/maven-model/2.2.1/maven-model-2.2.1.jar:/home/cgi/.m2/repository/org/apache/maven/maven-artifact-manager/2.2.1/maven-artifact-manager-2.2.1.jar:/home/cgi/.m2/repository/org/apache/maven/maven-repository-metadata/2.2.1/maven-repository-metadata-2.2.1.jar:/home/cgi/.m2/repository/org/apache/maven/wagon/wagon-provider-api/1.0-beta-6/wagon-provider-api-1.0-beta-6.jar:/home/cgi/.m2/repository/backport-util-concurrent/backport-util-concurrent/3.1/backport-util-concurrent-3.1.jar:/home/cgi/.m2/repository/org/apache/maven/maven-plugin-registry/2.2.1/maven-plugin-registry-2.2.1.jar:/home/cgi/.m2/repository/org/codehaus/plexus/plexus-interpolation/1.11/plexus-interpolation-1.11.jar:/home/cgi/.m2/repository/org/apache/maven/maven-artifact/2.2.1/maven-artifact-2.2.1.jar:/home/cgi/.m2/repository/org/codehaus/plexus/plexus-container-default/1.0-alpha-9-stable-1/plexus-container-default-1.0-alpha-9-stable-1.jar:/home/cgi/.m2/repository/classworlds/classworlds/1.1-alpha-2/classworlds-1.1-alpha-2.jar:/home/cgi/.m2/repository/org/codehaus/plexus/plexus-utils/3.0.22/plexus-utils-3.0.22.jar:/home/cgi/.m2/repository/org/apache/maven/shared/file-management/1.2.1/file-management-1.2.1.jar:/home/cgi/.m2/repository/org/apache/maven/shared/maven-shared-io/1.1/maven-shared-io-1.1.jar:/home/cgi/.m2/repository/org/apache/maven/reporting/maven-reporting-api/2.2.1/maven-reporting-api-2.2.1.jar:/home/cgi/.m2/repository/org/apache/maven/doxia/doxia-sink-api/1.1/doxia-sink-api-1.1.jar:/home/cgi/.m2/repository/org/apache/maven/doxia/doxia-logging-api/1.1/doxia-logging-api-1.1.jar:/home/cgi/.m2/repository/org/apache/maven/reporting/maven-reporting-impl/2.1/maven-reporting-impl-2.1.jar:/home/cgi/.m2/repository/org/apache/maven/doxia/doxia-core/1.1.2/doxia-core-1.1.2.jar:/home/cgi/.m2/repository/xerces/xercesImpl/2.8.1/xercesImpl-2.8.1.jar:/home/cgi/.m2/repository/commons-lang/commons-lang/2.4/commons-lang-2.4.jar:/home/cgi/.m2/repository/commons-httpclient/commons-httpclient/3.1/commons-httpclient-3.1.jar:/home/cgi/.m2/repository/commons-codec/commons-codec/1.11/commons-codec-1.11.jar:/home/cgi/.m2/repository/org/apache/maven/doxia/doxia-site-renderer/1.1.2/doxia-site-renderer-1.1.2.jar:/home/cgi/.m2/repository/org/apache/maven/doxia/doxia-decoration-model/1.1.2/doxia-decoration-model-1.1.2.jar:/home/cgi/.m2/repository/org/apache/maven/doxia/doxia-module-xhtml/1.1.2/doxia-module-xhtml-1.1.2.jar:/home/cgi/.m2/repository/org/apache/maven/doxia/doxia-module-fml/1.1.2/doxia-module-fml-1.1.2.jar:/home/cgi/.m2/repository/org/codehaus/plexus/plexus-i18n/1.0-beta-7/plexus-i18n-1.0-beta-7.jar:/home/cgi/.m2/repository/org/codehaus/plexus/plexus-velocity/1.1.7/plexus-velocity-1.1.7.jar:/home/cgi/.m2/repository/org/apache/velocity/velocity/1.5/velocity-1.5.jar:/home/cgi/.m2/repository/commons-collections/commons-collections/3.2/commons-collections-3.2.jar:/home/cgi/.m2/repository/commons-validator/commons-validator/1.2.0/commons-validator-1.2.0.jar:/home/cgi/.m2/repository/commons-beanutils/commons-beanutils/1.7.0/commons-beanutils-1.7.0.jar:/home/cgi/.m2/repository/commons-digester/commons-digester/1.6/commons-digester-1.6.jar:/home/cgi/.m2/repository/commons-logging/commons-logging/1.0.4/commons-logging-1.0.4.jar:/home/cgi/.m2/repository/oro/oro/2.0.8/oro-2.0.8.jar:/home/cgi/.m2/repository/xml-apis/xml-apis/1.4.01/xml-apis-1.4.01.jar:/home/cgi/.m2/repository/org/jacoco/org.jacoco.agent/0.8.2/org.jacoco.agent-0.8.2-runtime.jar:/home/cgi/.m2/repository/org/jacoco/org.jacoco.core/0.8.2/org.jacoco.core-0.8.2.jar:/home/cgi/.m2/repository/org/ow2/asm/asm/6.2.1/asm-6.2.1.jar:/home/cgi/.m2/repository/org/ow2/asm/asm-commons/6.2.1/asm-commons-6.2.1.jar:/home/cgi/.m2/repository/org/ow2/asm/asm-analysis/6.2.1/asm-analysis-6.2.1.jar:/home/cgi/.m2/repository/org/ow2/asm/asm-tree/6.2.1/asm-tree-6.2.1.jar:/home/cgi/.m2/repository/org/jacoco/org.jacoco.report/0.8.2/org.jacoco.report-0.8.2.jar:, java.vm.vendor="Oracle Corporation", sun.arch.data.model=64, java.vendor.url=http://java.oracle.com/, user.timezone=Asia/Kolkata, os.name=Linux, java.vm.specification.version=10, sun.java.launcher=SUN_STANDARD, user.country=IN, sun.boot.library.path=/usr/lib/jvm/java-10-oracle/lib, sun.java.command=/home/cgi/Knowledge-vault-frontend/knowledge-vault/queryEngine/target/surefire/surefirebooter14707627648947901457.jar /home/cgi/Knowledge-vault-frontend/knowledge-vault/queryEngine/target/surefire 2018-11-30T10-06-24_913-jvmRun1 surefire13089149714388681562tmp surefire_67913171993944873612tmp, jdk.debug=release, surefire.test.class.path=/home/cgi/Knowledge-vault-frontend/knowledge-vault/queryEngine/target/test-classes:/home/cgi/Knowledge-vault-frontend/knowledge-vault/queryEngine/target/classes:/home/cgi/.m2/repository/org/springframework/boot/spring-boot-starter-data-neo4j/2.0.6.RELEASE/spring-boot-starter-data-neo4j-2.0.6.RELEASE.jar:/home/cgi/.m2/repository/org/springframework/boot/spring-boot-starter/2.0.6.RELEASE/spring-boot-starter-2.0.6.RELEASE.jar:/home/cgi/.m2/repository/org/springframework/boot/spring-boot/2.0.6.RELEASE/spring-boot-2.0.6.RELEASE.jar:/home/cgi/.m2/repository/org/springframework/boot/spring-boot-autoconfigure/2.0.6.RELEASE/spring-boot-autoconfigure-2.0.6.RELEASE.jar:/home/cgi/.m2/repository/org/springframework/boot/spring-boot-starter-logging/2.0.6.RELEASE/spring-boot-starter-logging-2.0.6.RELEASE.jar:/home/cgi/.m2/repository/ch/qos/logback/logback-classic/1.2.3/logback-classic-1.2.3.jar:/home/cgi/.m2/repository/ch/qos/logback/logback-core/1.2.3/logback-core-1.2.3.jar:/home/cgi/.m2/repository/org/apache/logging/log4j/log4j-to-slf4j/2.10.0/log4j-to-slf4j-2.10.0.jar:/home/cgi/.m2/repository/org/apache/logging/log4j/log4j-api/2.10.0/log4j-api-2.10.0.jar:/home/cgi/.m2/repository/org/slf4j/jul-to-slf4j/1.7.25/jul-to-slf4j-1.7.25.jar:/home/cgi/.m2/repository/javax/annotation/javax.annotation-api/1.3.2/javax.annotation-api-1.3.2.jar:/home/cgi/.m2/repository/org/yaml/snakeyaml/1.19/snakeyaml-1.19.jar:/home/cgi/.m2/repository/org/springframework/data/spring-data-neo4j/5.0.11.RELEASE/spring-data-neo4j-5.0.11.RELEASE.jar:/home/cgi/.m2/repository/org/springframework/spring-beans/5.0.10.RELEASE/spring-beans-5.0.10.RELEASE.jar:/home/cgi/.m2/repository/org/springframework/data/spring-data-commons/2.0.11.RELEASE/spring-data-commons-2.0.11.RELEASE.jar:/home/cgi/.m2/repository/org/neo4j/neo4j-ogm-core/3.1.4/neo4j-ogm-core-3.1.4.jar:/home/cgi/.m2/repository/org/neo4j/neo4j-ogm-api/3.1.4/neo4j-ogm-api-3.1.4.jar:/home/cgi/.m2/repository/org/apache/commons/commons-lang3/3.7/commons-lang3-3.7.jar:/home/cgi/.m2/repository/io/github/lukehutch/fast-classpath-scanner/2.18.1/fast-classpath-scanner-2.18.1.jar:/home/cgi/.m2/repository/org/neo4j/neo4j-ogm-bolt-driver/3.1.4/neo4j-ogm-bolt-driver-3.1.4.jar:/home/cgi/.m2/repository/org/neo4j/driver/neo4j-java-driver/1.6.3/neo4j-java-driver-1.6.3.jar:/home/cgi/.m2/repository/commons-io/commons-io/2.4/commons-io-2.4.jar:/home/cgi/.m2/repository/org/slf4j/slf4j-api/1.7.25/slf4j-api-1.7.25.jar:/home/cgi/.m2/repository/org/springframework/kafka/spring-kafka/2.2.0.RELEASE/spring-kafka-2.2.0.RELEASE.jar:/home/cgi/.m2/repository/org/springframework/spring-context/5.0.10.RELEASE/spring-context-5.0.10.RELEASE.jar:/home/cgi/.m2/repository/org/springframework/spring-aop/5.0.10.RELEASE/spring-aop-5.0.10.RELEASE.jar:/home/cgi/.m2/repository/org/springframework/spring-expression/5.0.10.RELEASE/spring-expression-5.0.10.RELEASE.jar:/home/cgi/.m2/repository/org/springframework/spring-messaging/5.0.10.RELEASE/spring-messaging-5.0.10.RELEASE.jar:/home/cgi/.m2/repository/org/springframework/spring-tx/5.0.10.RELEASE/spring-tx-5.0.10.RELEASE.jar:/home/cgi/.m2/repository/org/springframework/retry/spring-retry/1.2.2.RELEASE/spring-retry-1.2.2.RELEASE.jar:/home/cgi/.m2/repository/org/apache/kafka/kafka-clients/1.0.2/kafka-clients-1.0.2.jar:/home/cgi/.m2/repository/org/lz4/lz4-java/1.4/lz4-java-1.4.jar:/home/cgi/.m2/repository/org/xerial/snappy/snappy-java/1.1.4/snappy-java-1.1.4.jar:/home/cgi/.m2/repository/org/springframework/boot/spring-boot-starter-web/2.0.6.RELEASE/spring-boot-starter-web-2.0.6.RELEASE.jar:/home/cgi/.m2/repository/org/springframework/boot/spring-boot-starter-json/2.0.6.RELEASE/spring-boot-starter-json-2.0.6.RELEASE.jar:/home/cgi/.m2/repository/com/fasterxml/jackson/datatype/jackson-datatype-jdk8/2.9.7/jackson-datatype-jdk8-2.9.7.jar:/home/cgi/.m2/repository/com/fasterxml/jackson/datatype/jackson-datatype-jsr310/2.9.7/jackson-datatype-jsr310-2.9.7.jar:/home/cgi/.m2/repository/com/fasterxml/jackson/module/jackson-module-parameter-names/2.9.7/jackson-module-parameter-names-2.9.7.jar:/home/cgi/.m2/repository/org/springframework/boot/spring-boot-starter-tomcat/2.0.6.RELEASE/spring-boot-starter-tomcat-2.0.6.RELEASE.jar:/home/cgi/.m2/repository/org/apache/tomcat/embed/tomcat-embed-core/8.5.34/tomcat-embed-core-8.5.34.jar:/home/cgi/.m2/repository/org/apache/tomcat/embed/tomcat-embed-el/8.5.34/tomcat-embed-el-8.5.34.jar:/home/cgi/.m2/repository/org/apache/tomcat/embed/tomcat-embed-websocket/8.5.34/tomcat-embed-websocket-8.5.34.jar:/home/cgi/.m2/repository/org/hibernate/validator/hibernate-validator/6.0.13.Final/hibernate-validator-6.0.13.Final.jar:/home/cgi/.m2/repository/javax/validation/validation-api/2.0.1.Final/validation-api-2.0.1.Final.jar:/home/cgi/.m2/repository/org/jboss/logging/jboss-logging/3.3.2.Final/jboss-logging-3.3.2.Final.jar:/home/cgi/.m2/repository/com/fasterxml/classmate/1.3.4/classmate-1.3.4.jar:/home/cgi/.m2/repository/org/springframework/spring-web/5.0.10.RELEASE/spring-web-5.0.10.RELEASE.jar:/home/cgi/.m2/repository/org/springframework/spring-webmvc/5.0.10.RELEASE/spring-webmvc-5.0.10.RELEASE.jar:/home/cgi/.m2/repository/org/projectlombok/lombok/1.18.4/lombok-1.18.4.jar:/home/cgi/.m2/repository/org/springframework/boot/spring-boot-starter-test/2.0.6.RELEASE/spring-boot-starter-test-2.0.6.RELEASE.jar:/home/cgi/.m2/repository/org/springframework/boot/spring-boot-test/2.0.6.RELEASE/spring-boot-test-2.0.6.RELEASE.jar:/home/cgi/.m2/repository/org/springframework/boot/spring-boot-test-autoconfigure/2.0.6.RELEASE/spring-boot-test-autoconfigure-2.0.6.RELEASE.jar:/home/cgi/.m2/repository/com/jayway/jsonpath/json-path/2.4.0/json-path-2.4.0.jar:/home/cgi/.m2/repository/net/minidev/json-smart/2.3/json-smart-2.3.jar:/home/cgi/.m2/repository/net/minidev/accessors-smart/1.2/accessors-smart-1.2.jar:/home/cgi/.m2/repository/org/assertj/assertj-core/3.9.1/assertj-core-3.9.1.jar:/home/cgi/.m2/repository/org/mockito/mockito-core/2.15.0/mockito-core-2.15.0.jar:/home/cgi/.m2/repository/net/bytebuddy/byte-buddy/1.7.11/byte-buddy-1.7.11.jar:/home/cgi/.m2/repository/net/bytebuddy/byte-buddy-agent/1.7.11/byte-buddy-agent-1.7.11.jar:/home/cgi/.m2/repository/org/objenesis/objenesis/2.6/objenesis-2.6.jar:/home/cgi/.m2/repository/org/hamcrest/hamcrest-core/1.3/hamcrest-core-1.3.jar:/home/cgi/.m2/repository/org/hamcrest/hamcrest-library/1.3/hamcrest-library-1.3.jar:/home/cgi/.m2/repository/org/skyscreamer/jsonassert/1.5.0/jsonassert-1.5.0.jar:/home/cgi/.m2/repository/com/vaadin/external/google/android-json/0.0.20131108.vaadin1/android-json-0.0.20131108.vaadin1.jar:/home/cgi/.m2/repository/org/springframework/spring-core/5.0.10.RELEASE/spring-core-5.0.10.RELEASE.jar:/home/cgi/.m2/repository/org/springframework/spring-jcl/5.0.10.RELEASE/spring-jcl-5.0.10.RELEASE.jar:/home/cgi/.m2/repository/org/springframework/spring-test/5.0.10.RELEASE/spring-test-5.0.10.RELEASE.jar:/home/cgi/.m2/repository/org/xmlunit/xmlunit-core/2.5.1/xmlunit-core-2.5.1.jar:/home/cgi/.m2/repository/com/fasterxml/jackson/core/jackson-databind/2.9.7/jackson-databind-2.9.7.jar:/home/cgi/.m2/repository/com/fasterxml/jackson/core/jackson-annotations/2.9.0/jackson-annotations-2.9.0.jar:/home/cgi/.m2/repository/com/fasterxml/jackson/core/jackson-core/2.9.7/jackson-core-2.9.7.jar:/home/cgi/.m2/repository/junit/junit/4.12/junit-4.12.jar:/home/cgi/.m2/repository/org/jacoco/jacoco-maven-plugin/0.8.2/jacoco-maven-plugin-0.8.2.jar:/home/cgi/.m2/repository/org/apache/maven/maven-plugin-api/2.2.1/maven-plugin-api-2.2.1.jar:/home/cgi/.m2/repository/org/apache/maven/maven-project/2.2.1/maven-project-2.2.1.jar:/home/cgi/.m2/repository/org/apache/maven/maven-settings/2.2.1/maven-settings-2.2.1.jar:/home/cgi/.m2/repository/org/apache/maven/maven-profile/2.2.1/maven-profile-2.2.1.jar:/home/cgi/.m2/repository/org/apache/maven/maven-model/2.2.1/maven-model-2.2.1.jar:/home/cgi/.m2/repository/org/apache/maven/maven-artifact-manager/2.2.1/maven-artifact-manager-2.2.1.jar:/home/cgi/.m2/repository/org/apache/maven/maven-repository-metadata/2.2.1/maven-repository-metadata-2.2.1.jar:/home/cgi/.m2/repository/org/apache/maven/wagon/wagon-provider-api/1.0-beta-6/wagon-provider-api-1.0-beta-6.jar:/home/cgi/.m2/repository/backport-util-concurrent/backport-util-concurrent/3.1/backport-util-concurrent-3.1.jar:/home/cgi/.m2/repository/org/apache/maven/maven-plugin-registry/2.2.1/maven-plugin-registry-2.2.1.jar:/home/cgi/.m2/repository/org/codehaus/plexus/plexus-interpolation/1.11/plexus-interpolation-1.11.jar:/home/cgi/.m2/repository/org/apache/maven/maven-artifact/2.2.1/maven-artifact-2.2.1.jar:/home/cgi/.m2/repository/org/codehaus/plexus/plexus-container-default/1.0-alpha-9-stable-1/plexus-container-default-1.0-alpha-9-stable-1.jar:/home/cgi/.m2/repository/classworlds/classworlds/1.1-alpha-2/classworlds-1.1-alpha-2.jar:/home/cgi/.m2/repository/org/codehaus/plexus/plexus-utils/3.0.22/plexus-utils-3.0.22.jar:/home/cgi/.m2/repository/org/apache/maven/shared/file-management/1.2.1/file-management-1.2.1.jar:/home/cgi/.m2/repository/org/apache/maven/shared/maven-shared-io/1.1/maven-shared-io-1.1.jar:/home/cgi/.m2/repository/org/apache/maven/reporting/maven-reporting-api/2.2.1/maven-reporting-api-2.2.1.jar:/home/cgi/.m2/repository/org/apache/maven/doxia/doxia-sink-api/1.1/doxia-sink-api-1.1.jar:/home/cgi/.m2/repository/org/apache/maven/doxia/doxia-logging-api/1.1/doxia-logging-api-1.1.jar:/home/cgi/.m2/repository/org/apache/maven/reporting/maven-reporting-impl/2.1/maven-reporting-impl-2.1.jar:/home/cgi/.m2/repository/org/apache/maven/doxia/doxia-core/1.1.2/doxia-core-1.1.2.jar:/home/cgi/.m2/repository/xerces/xercesImpl/2.8.1/xercesImpl-2.8.1.jar:/home/cgi/.m2/repository/commons-lang/commons-lang/2.4/commons-lang-2.4.jar:/home/cgi/.m2/repository/commons-httpclient/commons-httpclient/3.1/commons-httpclient-3.1.jar:/home/cgi/.m2/repository/commons-codec/commons-codec/1.11/commons-codec-1.11.jar:/home/cgi/.m2/repository/org/apache/maven/doxia/doxia-site-renderer/1.1.2/doxia-site-renderer-1.1.2.jar:/home/cgi/.m2/repository/org/apache/maven/doxia/doxia-decoration-model/1.1.2/doxia-decoration-model-1.1.2.jar:/home/cgi/.m2/repository/org/apache/maven/doxia/doxia-module-xhtml/1.1.2/doxia-module-xhtml-1.1.2.jar:/home/cgi/.m2/repository/org/apache/maven/doxia/doxia-module-fml/1.1.2/doxia-module-fml-1.1.2.jar:/home/cgi/.m2/repository/org/codehaus/plexus/plexus-i18n/1.0-beta-7/plexus-i18n-1.0-beta-7.jar:/home/cgi/.m2/repository/org/codehaus/plexus/plexus-velocity/1.1.7/plexus-velocity-1.1.7.jar:/home/cgi/.m2/repository/org/apache/velocity/velocity/1.5/velocity-1.5.jar:/home/cgi/.m2/repository/commons-collections/commons-collections/3.2/commons-collections-3.2.jar:/home/cgi/.m2/repository/commons-validator/commons-validator/1.2.0/commons-validator-1.2.0.jar:/home/cgi/.m2/repository/commons-beanutils/commons-beanutils/1.7.0/commons-beanutils-1.7.0.jar:/home/cgi/.m2/repository/commons-digester/commons-digester/1.6/commons-digester-1.6.jar:/home/cgi/.m2/repository/commons-logging/commons-logging/1.0.4/commons-logging-1.0.4.jar:/home/cgi/.m2/repository/oro/oro/2.0.8/oro-2.0.8.jar:/home/cgi/.m2/repository/xml-apis/xml-apis/1.4.01/xml-apis-1.4.01.jar:/home/cgi/.m2/repository/org/jacoco/org.jacoco.agent/0.8.2/org.jacoco.agent-0.8.2-runtime.jar:/home/cgi/.m2/repository/org/jacoco/org.jacoco.core/0.8.2/org.jacoco.core-0.8.2.jar:/home/cgi/.m2/repository/org/ow2/asm/asm/6.2.1/asm-6.2.1.jar:/home/cgi/.m2/repository/org/ow2/asm/asm-commons/6.2.1/asm-commons-6.2.1.jar:/home/cgi/.m2/repository/org/ow2/asm/asm-analysis/6.2.1/asm-analysis-6.2.1.jar:/home/cgi/.m2/repository/org/ow2/asm/asm-tree/6.2.1/asm-tree-6.2.1.jar:/home/cgi/.m2/repository/org/jacoco/org.jacoco.report/0.8.2/org.jacoco.report-0.8.2.jar:, sun.cpu.endian=little, user.home=/home/cgi, user.language=en, java.specification.vendor=Oracle Corporation, java.version.date=2018-07-17, java.home=/usr/lib/jvm/java-10-oracle, file.separator=/, basedir=/home/cgi/Knowledge-vault-frontend/knowledge-vault/queryEngine, java.vm.compressedOopsMode=32-bit, line.separator=
, java.specification.name=Java Platform API Specification, java.vm.specification.vendor=Oracle Corporation, java.awt.graphicsenv=sun.awt.X11GraphicsEnvironment, surefire.real.class.path=/home/cgi/Knowledge-vault-frontend/knowledge-vault/queryEngine/target/surefire/surefirebooter14707627648947901457.jar, sun.management.compiler=HotSpot 64-Bit Tiered Compilers, java.runtime.version=10.0.2+13, user.name=cgi, path.separator=:, os.version=4.15.0-38-generic, java.runtime.name=Java(TM) SE Runtime Environment, file.encoding=UTF-8, java.vm.name=Java HotSpot(TM) 64-Bit Server VM, java.vendor.version=18.3, localRepository=/home/cgi/.m2/repository, java.vendor.url.bug=http://bugreport.java.com/bugreport/, java.io.tmpdir=/tmp, java.version=10.0.2, user.dir=/home/cgi/Knowledge-vault-frontend/knowledge-vault/queryEngine, os.arch=amd64, java.vm.specification.name=Java Virtual Machine Specification, java.awt.printerjob=sun.print.PSPrinterJob, sun.os.patch.level=unknown, java.library.path=/usr/java/packages/lib:/usr/lib64:/lib64:/lib:/usr/lib, java.vendor=Oracle Corporation, java.vm.info=mixed mode, java.vm.version=10.0.2+13, sun.io.unicode.encoding=UnicodeLittle, java.class.version=54.0}}, SystemEnvironmentPropertySource@220369374 {name='systemEnvironment', properties={PATH=/home/cgi/Downloads/google-cloud-sdk/bin:/home/cgi/bin:/home/cgi/.local/bin:/usr/local/lib/npm/bin:/usr/local/sbin:/usr/local/bin:/usr/sbin:/usr/bin:/sbin:/bin:/usr/games:/usr/local/games:/snap/bin:/usr/lib/jvm/java-10-oracle/bin:/usr/lib/jvm/java-10-oracle/db/bin, XAUTHORITY=/home/cgi/.Xauthority, XMODIFIERS=@im=ibus, XDG_DATA_DIRS=/usr/share/ubuntu:/usr/share/gnome:/usr/local/share:/usr/share:/var/lib/snapd/desktop:/var/lib/snapd/desktop, GDMSESSION=ubuntu, MANDATORY_PATH=/usr/share/gconf/ubuntu.mandatory.path, GTK_IM_MODULE=ibus, DBUS_SESSION_BUS_ADDRESS=unix:abstract=/tmp/dbus-RsCIEUhUzq, DEFAULTS_PATH=/usr/share/gconf/ubuntu.default.path, XDG_CURRENT_DESKTOP=Unity, UPSTART_SESSION=unix:abstract=/com/ubuntu/upstart-session/1000/2062, QT4_IM_MODULE=xim, SESSION_MANAGER=local/cgi-Latitude-E5440:@/tmp/.ICE-unix/2286,unix/cgi-Latitude-E5440:/tmp/.ICE-unix/2286, QT_LINUX_ACCESSIBILITY_ALWAYS_ON=1, LOGNAME=cgi, JOB=dbus, PWD=/home/cgi/Knowledge-vault-frontend/knowledge-vault/queryEngine, DERBY_HOME=/usr/lib/jvm/java-10-oracle/db, IM_CONFIG_PHASE=1, LANGUAGE=en_IN:en, WINDOWID=69206026, SHELL=/bin/bash, LESSOPEN=| /usr/bin/lesspipe %s, NPM_CONFIG_PREFIX=/usr/local/lib/npm, GTK2_MODULES=overlay-scrollbar, INSTANCE=, J2SDKDIR=/usr/lib/jvm/java-10-oracle, OLDPWD=/home/cgi/Knowledge-vault-frontend/knowledge-vault/queryEngine, GNOME_DESKTOP_SESSION_ID=this-is-deprecated, GTK_MODULES=gail:atk-bridge:unity-gtk-module, J2REDIR=/usr/lib/jvm/java-10-oracle, CLUTTER_IM_MODULE=xim, XDG_SESSION_PATH=/org/freedesktop/DisplayManager/Session0, SESSIONTYPE=gnome-session, LS_COLORS=rs=0:di=01;34:ln=01;36:mh=00:pi=40;33:so=01;35:do=01;35:bd=40;33;01:cd=40;33;01:or=40;31;01:mi=00:su=37;41:sg=30;43:ca=30;41:tw=30;42:ow=34;42:st=37;44:ex=01;32:*.tar=01;31:*.tgz=01;31:*.arc=01;31:*.arj=01;31:*.taz=01;31:*.lha=01;31:*.lz4=01;31:*.lzh=01;31:*.lzma=01;31:*.tlz=01;31:*.txz=01;31:*.tzo=01;31:*.t7z=01;31:*.zip=01;31:*.z=01;31:*.Z=01;31:*.dz=01;31:*.gz=01;31:*.lrz=01;31:*.lz=01;31:*.lzo=01;31:*.xz=01;31:*.bz2=01;31:*.bz=01;31:*.tbz=01;31:*.tbz2=01;31:*.tz=01;31:*.deb=01;31:*.rpm=01;31:*.jar=01;31:*.war=01;31:*.ear=01;31:*.sar=01;31:*.rar=01;31:*.alz=01;31:*.ace=01;31:*.zoo=01;31:*.cpio=01;31:*.7z=01;31:*.rz=01;31:*.cab=01;31:*.jpg=01;35:*.jpeg=01;35:*.gif=01;35:*.bmp=01;35:*.pbm=01;35:*.pgm=01;35:*.ppm=01;35:*.tga=01;35:*.xbm=01;35:*.xpm=01;35:*.tif=01;35:*.tiff=01;35:*.png=01;35:*.svg=01;35:*.svgz=01;35:*.mng=01;35:*.pcx=01;35:*.mov=01;35:*.mpg=01;35:*.mpeg=01;35:*.m2v=01;35:*.mkv=01;35:*.webm=01;35:*.ogm=01;35:*.mp4=01;35:*.m4v=01;35:*.mp4v=01;35:*.vob=01;35:*.qt=01;35:*.nuv=01;35:*.wmv=01;35:*.asf=01;35:*.rm=01;35:*.rmvb=01;35:*.flc=01;35:*.avi=01;35:*.fli=01;35:*.flv=01;35:*.gl=01;35:*.dl=01;35:*.xcf=01;35:*.xwd=01;35:*.yuv=01;35:*.cgm=01;35:*.emf=01;35:*.ogv=01;35:*.ogx=01;35:*.aac=00;36:*.au=00;36:*.flac=00;36:*.m4a=00;36:*.mid=00;36:*.midi=00;36:*.mka=00;36:*.mp3=00;36:*.mpc=00;36:*.ogg=00;36:*.ra=00;36:*.wav=00;36:*.oga=00;36:*.opus=00;36:*.spx=00;36:*.xspf=00;36:, XDG_SESSION_DESKTOP=ubuntu, SHLVL=1, LESSCLOSE=/usr/bin/lesspipe %s %s, COMPIZ_CONFIG_PROFILE=ubuntu, QT_IM_MODULE=ibus, JAVA_HOME=/usr/lib/jvm/java-10-oracle, TERM=xterm-256color, XDG_CONFIG_DIRS=/etc/xdg/xdg-ubuntu:/usr/share/upstart/xdg:/etc/xdg, LANG=en_IN, GNOME_KEYRING_CONTROL=, XDG_SEAT_PATH=/org/freedesktop/DisplayManager/Seat0, XDG_SESSION_ID=c2, XDG_SESSION_TYPE=x11, DISPLAY=:0, NODE_PATH=:/usr/local/lib/npm/lib/node_modules, MAVEN_CMD_LINE_ARGS= clean package, _=/usr/bin/mvn, GDM_LANG=en_US, XDG_GREETER_DATA_DIR=/var/lib/lightdm-data/cgi, GPG_AGENT_INFO=/home/cgi/.gnupg/S.gpg-agent:0:1, MAVEN_PROJECTBASEDIR=/home/cgi/Knowledge-vault-frontend/knowledge-vault, DESKTOP_SESSION=ubuntu, SESSION=ubuntu, USER=cgi, XDG_MENU_PREFIX=gnome-, VTE_VERSION=4205, QT_ACCESSIBILITY=1, SSH_AUTH_SOCK=/run/user/1000/keyring/ssh, XDG_SEAT=seat0, QT_QPA_PLATFORMTHEME=appmenu-qt5, XDG_VTNR=7, XDG_RUNTIME_DIR=/run/user/1000, HOME=/home/cgi, GNOME_KEYRING_PID=}}]
10:07:58.008 [main] DEBUG org.springframework.core.io.support.PathMatchingResourcePatternResolver - Resolved classpath location [com/stackroute/knowledgevault/queryEngine/] to resources [URL [file:/home/cgi/Knowledge-vault-frontend/knowledge-vault/queryEngine/target/test-classes/com/stackroute/knowledgevault/queryEngine/], URL [file:/home/cgi/Knowledge-vault-frontend/knowledge-vault/queryEngine/target/classes/com/stackroute/knowledgevault/queryEngine/]]
10:07:58.008 [main] DEBUG org.springframework.core.io.support.PathMatchingResourcePatternResolver - Looking for matching resources in directory tree [/home/cgi/Knowledge-vault-frontend/knowledge-vault/queryEngine/target/test-classes/com/stackroute/knowledgevault/queryEngine]
10:07:58.008 [main] DEBUG org.springframework.core.io.support.PathMatchingResourcePatternResolver - Searching directory [/home/cgi/Knowledge-vault-frontend/knowledge-vault/queryEngine/target/test-classes/com/stackroute/knowledgevault/queryEngine] for files matching pattern [/home/cgi/Knowledge-vault-frontend/knowledge-vault/queryEngine/target/test-classes/com/stackroute/knowledgevault/queryEngine/*.class]
10:07:58.014 [main] DEBUG org.springframework.core.io.support.PathMatchingResourcePatternResolver - Looking for matching resources in directory tree [/home/cgi/Knowledge-vault-frontend/knowledge-vault/queryEngine/target/classes/com/stackroute/knowledgevault/queryEngine]
10:07:58.015 [main] DEBUG org.springframework.core.io.support.PathMatchingResourcePatternResolver - Searching directory [/home/cgi/Knowledge-vault-frontend/knowledge-vault/queryEngine/target/classes/com/stackroute/knowledgevault/queryEngine] for files matching pattern [/home/cgi/Knowledge-vault-frontend/knowledge-vault/queryEngine/target/classes/com/stackroute/knowledgevault/queryEngine/*.class]
10:07:58.016 [main] DEBUG org.springframework.core.io.support.PathMatchingResourcePatternResolver - Resolved location pattern [classpath*:com/stackroute/knowledgevault/queryEngine/*.class] to resources [file [/home/cgi/Knowledge-vault-frontend/knowledge-vault/queryEngine/target/test-classes/com/stackroute/knowledgevault/queryEngine/QueryEngineApplicationTests.class], file [/home/cgi/Knowledge-vault-frontend/knowledge-vault/queryEngine/target/classes/com/stackroute/knowledgevault/queryEngine/QueryEngineApplication.class]]
10:07:58.154 [main] DEBUG org.springframework.context.annotation.ClassPathScanningCandidateComponentProvider - Identified candidate component class: file [/home/cgi/Knowledge-vault-frontend/knowledge-vault/queryEngine/target/classes/com/stackroute/knowledgevault/queryEngine/QueryEngineApplication.class]
10:07:58.156 [main] INFO org.springframework.boot.test.context.SpringBootTestContextBootstrapper - Found @SpringBootConfiguration com.stackroute.knowledgevault.queryEngine.QueryEngineApplication for test class com.stackroute.knowledgevault.queryEngine.QueryEngineApplicationTests
10:07:58.432 [main] DEBUG org.springframework.boot.test.context.SpringBootTestContextBootstrapper - @TestExecutionListeners is not present for class [com.stackroute.knowledgevault.queryEngine.QueryEngineApplicationTests]: using defaults.
10:07:58.433 [main] INFO org.springframework.boot.test.context.SpringBootTestContextBootstrapper - Loaded default TestExecutionListener class names from location [META-INF/spring.factories]: [org.springframework.boot.test.mock.mockito.MockitoTestExecutionListener, org.springframework.boot.test.mock.mockito.ResetMocksTestExecutionListener, org.springframework.boot.test.autoconfigure.restdocs.RestDocsTestExecutionListener, org.springframework.boot.test.autoconfigure.web.client.MockRestServiceServerResetTestExecutionListener, org.springframework.boot.test.autoconfigure.web.servlet.MockMvcPrintOnlyOnFailureTestExecutionListener, org.springframework.boot.test.autoconfigure.web.servlet.WebDriverTestExecutionListener, org.springframework.test.context.web.ServletTestExecutionListener, org.springframework.test.context.support.DirtiesContextBeforeModesTestExecutionListener, org.springframework.test.context.support.DependencyInjectionTestExecutionListener, org.springframework.test.context.support.DirtiesContextTestExecutionListener, org.springframework.test.context.transaction.TransactionalTestExecutionListener, org.springframework.test.context.jdbc.SqlScriptsTestExecutionListener]
10:07:58.479 [main] INFO org.springframework.boot.test.context.SpringBootTestContextBootstrapper - Using TestExecutionListeners: [org.springframework.test.context.web.ServletTestExecutionListener@6cf047cf, org.springframework.test.context.support.DirtiesContextBeforeModesTestExecutionListener@1c92a549, org.springframework.boot.test.mock.mockito.MockitoTestExecutionListener@323e026d, org.springframework.boot.test.autoconfigure.SpringBootDependencyInjectionTestExecutionListener@1716c037, org.springframework.test.context.support.DirtiesContextTestExecutionListener@79b63325, org.springframework.test.context.transaction.TransactionalTestExecutionListener@708769b7, org.springframework.test.context.jdbc.SqlScriptsTestExecutionListener@32e830a0, org.springframework.boot.test.mock.mockito.ResetMocksTestExecutionListener@135e49b2, org.springframework.boot.test.autoconfigure.restdocs.RestDocsTestExecutionListener@5bb97fe7, org.springframework.boot.test.autoconfigure.web.client.MockRestServiceServerResetTestExecutionListener@10b87ff6, org.springframework.boot.test.autoconfigure.web.servlet.MockMvcPrintOnlyOnFailureTestExecutionListener@63262071, org.springframework.boot.test.autoconfigure.web.servlet.WebDriverTestExecutionListener@2d4f67e]
10:07:58.482 [main] DEBUG org.springframework.test.annotation.ProfileValueUtils - Retrieved @ProfileValueSourceConfiguration [null] for test class [com.stackroute.knowledgevault.queryEngine.QueryEngineApplicationTests]
10:07:58.483 [main] DEBUG org.springframework.test.annotation.ProfileValueUtils - Retrieved ProfileValueSource type [class org.springframework.test.annotation.SystemProfileValueSource] for class [com.stackroute.knowledgevault.queryEngine.QueryEngineApplicationTests]
10:07:58.486 [main] DEBUG org.springframework.test.annotation.ProfileValueUtils - Retrieved @ProfileValueSourceConfiguration [null] for test class [com.stackroute.knowledgevault.queryEngine.QueryEngineApplicationTests]
10:07:58.487 [main] DEBUG org.springframework.test.annotation.ProfileValueUtils - Retrieved ProfileValueSource type [class org.springframework.test.annotation.SystemProfileValueSource] for class [com.stackroute.knowledgevault.queryEngine.QueryEngineApplicationTests]
10:07:58.488 [main] DEBUG org.springframework.test.annotation.ProfileValueUtils - Retrieved @ProfileValueSourceConfiguration [null] for test class [com.stackroute.knowledgevault.queryEngine.QueryEngineApplicationTests]
10:07:58.488 [main] DEBUG org.springframework.test.annotation.ProfileValueUtils - Retrieved ProfileValueSource type [class org.springframework.test.annotation.SystemProfileValueSource] for class [com.stackroute.knowledgevault.queryEngine.QueryEngineApplicationTests]
10:07:58.496 [main] DEBUG org.springframework.test.context.support.AbstractDirtiesContextTestExecutionListener - Before test class: context [DefaultTestContext@763b0996 testClass = QueryEngineApplicationTests, testInstance = [null], testMethod = [null], testException = [null], mergedContextConfiguration = [WebMergedContextConfiguration@386e9fd8 testClass = QueryEngineApplicationTests, locations = '{}', classes = '{class com.stackroute.knowledgevault.queryEngine.QueryEngineApplication}', contextInitializerClasses = '[]', activeProfiles = '{}', propertySourceLocations = '{}', propertySourceProperties = '{org.springframework.boot.test.context.SpringBootTestContextBootstrapper=true}', contextCustomizers = set[org.springframework.boot.test.context.filter.ExcludeFilterContextCustomizer@3d96fa9e, org.springframework.boot.test.json.DuplicateJsonObjectContextCustomizerFactory$DuplicateJsonObjectContextCustomizer@100c8b75, org.springframework.boot.test.mock.mockito.MockitoContextCustomizer@0, org.springframework.boot.test.web.client.TestRestTemplateContextCustomizer@1caa9eb6, org.springframework.boot.test.autoconfigure.properties.PropertyMappingContextCustomizer@0, org.springframework.boot.test.autoconfigure.web.servlet.WebDriverContextCustomizerFactory$Customizer@3791f50e], resourceBasePath = 'src/main/webapp', contextLoader = 'org.springframework.boot.test.context.SpringBootContextLoader', parent = [null]], attributes = map['org.springframework.test.context.web.ServletTestExecutionListener.activateListener' -> true]], class annotated with @DirtiesContext [false] with mode [null].
10:07:58.497 [main] DEBUG org.springframework.test.annotation.ProfileValueUtils - Retrieved @ProfileValueSourceConfiguration [null] for test class [com.stackroute.knowledgevault.queryEngine.QueryEngineApplicationTests]
10:07:58.497 [main] DEBUG org.springframework.test.annotation.ProfileValueUtils - Retrieved ProfileValueSource type [class org.springframework.test.annotation.SystemProfileValueSource] for class [com.stackroute.knowledgevault.queryEngine.QueryEngineApplicationTests]
10:07:58.550 [main] DEBUG org.springframework.core.env.StandardEnvironment - Adding PropertySource 'systemProperties' with lowest search precedence
10:07:58.550 [main] DEBUG org.springframework.core.env.StandardEnvironment - Adding PropertySource 'systemEnvironment' with lowest search precedence
10:07:58.550 [main] DEBUG org.springframework.core.env.StandardEnvironment - Initialized StandardEnvironment with PropertySources [MapPropertySource@1447527714 {name='systemProperties', properties={sun.desktop=gnome, awt.toolkit=sun.awt.X11.XToolkit, java.specification.version=10, file.encoding.pkg=sun.io, sun.cpu.isalist=, sun.jnu.encoding=UTF-8, java.class.path=/home/cgi/Knowledge-vault-frontend/knowledge-vault/queryEngine/target/test-classes:/home/cgi/Knowledge-vault-frontend/knowledge-vault/queryEngine/target/classes:/home/cgi/.m2/repository/org/springframework/boot/spring-boot-starter-data-neo4j/2.0.6.RELEASE/spring-boot-starter-data-neo4j-2.0.6.RELEASE.jar:/home/cgi/.m2/repository/org/springframework/boot/spring-boot-starter/2.0.6.RELEASE/spring-boot-starter-2.0.6.RELEASE.jar:/home/cgi/.m2/repository/org/springframework/boot/spring-boot/2.0.6.RELEASE/spring-boot-2.0.6.RELEASE.jar:/home/cgi/.m2/repository/org/springframework/boot/spring-boot-autoconfigure/2.0.6.RELEASE/spring-boot-autoconfigure-2.0.6.RELEASE.jar:/home/cgi/.m2/repository/org/springframework/boot/spring-boot-starter-logging/2.0.6.RELEASE/spring-boot-starter-logging-2.0.6.RELEASE.jar:/home/cgi/.m2/repository/ch/qos/logback/logback-classic/1.2.3/logback-classic-1.2.3.jar:/home/cgi/.m2/repository/ch/qos/logback/logback-core/1.2.3/logback-core-1.2.3.jar:/home/cgi/.m2/repository/org/apache/logging/log4j/log4j-to-slf4j/2.10.0/log4j-to-slf4j-2.10.0.jar:/home/cgi/.m2/repository/org/apache/logging/log4j/log4j-api/2.10.0/log4j-api-2.10.0.jar:/home/cgi/.m2/repository/org/slf4j/jul-to-slf4j/1.7.25/jul-to-slf4j-1.7.25.jar:/home/cgi/.m2/repository/javax/annotation/javax.annotation-api/1.3.2/javax.annotation-api-1.3.2.jar:/home/cgi/.m2/repository/org/yaml/snakeyaml/1.19/snakeyaml-1.19.jar:/home/cgi/.m2/repository/org/springframework/data/spring-data-neo4j/5.0.11.RELEASE/spring-data-neo4j-5.0.11.RELEASE.jar:/home/cgi/.m2/repository/org/springframework/spring-beans/5.0.10.RELEASE/spring-beans-5.0.10.RELEASE.jar:/home/cgi/.m2/repository/org/springframework/data/spring-data-commons/2.0.11.RELEASE/spring-data-commons-2.0.11.RELEASE.jar:/home/cgi/.m2/repository/org/neo4j/neo4j-ogm-core/3.1.4/neo4j-ogm-core-3.1.4.jar:/home/cgi/.m2/repository/org/neo4j/neo4j-ogm-api/3.1.4/neo4j-ogm-api-3.1.4.jar:/home/cgi/.m2/repository/org/apache/commons/commons-lang3/3.7/commons-lang3-3.7.jar:/home/cgi/.m2/repository/io/github/lukehutch/fast-classpath-scanner/2.18.1/fast-classpath-scanner-2.18.1.jar:/home/cgi/.m2/repository/org/neo4j/neo4j-ogm-bolt-driver/3.1.4/neo4j-ogm-bolt-driver-3.1.4.jar:/home/cgi/.m2/repository/org/neo4j/driver/neo4j-java-driver/1.6.3/neo4j-java-driver-1.6.3.jar:/home/cgi/.m2/repository/commons-io/commons-io/2.4/commons-io-2.4.jar:/home/cgi/.m2/repository/org/slf4j/slf4j-api/1.7.25/slf4j-api-1.7.25.jar:/home/cgi/.m2/repository/org/springframework/kafka/spring-kafka/2.2.0.RELEASE/spring-kafka-2.2.0.RELEASE.jar:/home/cgi/.m2/repository/org/springframework/spring-context/5.0.10.RELEASE/spring-context-5.0.10.RELEASE.jar:/home/cgi/.m2/repository/org/springframework/spring-aop/5.0.10.RELEASE/spring-aop-5.0.10.RELEASE.jar:/home/cgi/.m2/repository/org/springframework/spring-expression/5.0.10.RELEASE/spring-expression-5.0.10.RELEASE.jar:/home/cgi/.m2/repository/org/springframework/spring-messaging/5.0.10.RELEASE/spring-messaging-5.0.10.RELEASE.jar:/home/cgi/.m2/repository/org/springframework/spring-tx/5.0.10.RELEASE/spring-tx-5.0.10.RELEASE.jar:/home/cgi/.m2/repository/org/springframework/retry/spring-retry/1.2.2.RELEASE/spring-retry-1.2.2.RELEASE.jar:/home/cgi/.m2/repository/org/apache/kafka/kafka-clients/1.0.2/kafka-clients-1.0.2.jar:/home/cgi/.m2/repository/org/lz4/lz4-java/1.4/lz4-java-1.4.jar:/home/cgi/.m2/repository/org/xerial/snappy/snappy-java/1.1.4/snappy-java-1.1.4.jar:/home/cgi/.m2/repository/org/springframework/boot/spring-boot-starter-web/2.0.6.RELEASE/spring-boot-starter-web-2.0.6.RELEASE.jar:/home/cgi/.m2/repository/org/springframework/boot/spring-boot-starter-json/2.0.6.RELEASE/spring-boot-starter-json-2.0.6.RELEASE.jar:/home/cgi/.m2/repository/com/fasterxml/jackson/datatype/jackson-datatype-jdk8/2.9.7/jackson-datatype-jdk8-2.9.7.jar:/home/cgi/.m2/repository/com/fasterxml/jackson/datatype/jackson-datatype-jsr310/2.9.7/jackson-datatype-jsr310-2.9.7.jar:/home/cgi/.m2/repository/com/fasterxml/jackson/module/jackson-module-parameter-names/2.9.7/jackson-module-parameter-names-2.9.7.jar:/home/cgi/.m2/repository/org/springframework/boot/spring-boot-starter-tomcat/2.0.6.RELEASE/spring-boot-starter-tomcat-2.0.6.RELEASE.jar:/home/cgi/.m2/repository/org/apache/tomcat/embed/tomcat-embed-core/8.5.34/tomcat-embed-core-8.5.34.jar:/home/cgi/.m2/repository/org/apache/tomcat/embed/tomcat-embed-el/8.5.34/tomcat-embed-el-8.5.34.jar:/home/cgi/.m2/repository/org/apache/tomcat/embed/tomcat-embed-websocket/8.5.34/tomcat-embed-websocket-8.5.34.jar:/home/cgi/.m2/repository/org/hibernate/validator/hibernate-validator/6.0.13.Final/hibernate-validator-6.0.13.Final.jar:/home/cgi/.m2/repository/javax/validation/validation-api/2.0.1.Final/validation-api-2.0.1.Final.jar:/home/cgi/.m2/repository/org/jboss/logging/jboss-logging/3.3.2.Final/jboss-logging-3.3.2.Final.jar:/home/cgi/.m2/repository/com/fasterxml/classmate/1.3.4/classmate-1.3.4.jar:/home/cgi/.m2/repository/org/springframework/spring-web/5.0.10.RELEASE/spring-web-5.0.10.RELEASE.jar:/home/cgi/.m2/repository/org/springframework/spring-webmvc/5.0.10.RELEASE/spring-webmvc-5.0.10.RELEASE.jar:/home/cgi/.m2/repository/org/projectlombok/lombok/1.18.4/lombok-1.18.4.jar:/home/cgi/.m2/repository/org/springframework/boot/spring-boot-starter-test/2.0.6.RELEASE/spring-boot-starter-test-2.0.6.RELEASE.jar:/home/cgi/.m2/repository/org/springframework/boot/spring-boot-test/2.0.6.RELEASE/spring-boot-test-2.0.6.RELEASE.jar:/home/cgi/.m2/repository/org/springframework/boot/spring-boot-test-autoconfigure/2.0.6.RELEASE/spring-boot-test-autoconfigure-2.0.6.RELEASE.jar:/home/cgi/.m2/repository/com/jayway/jsonpath/json-path/2.4.0/json-path-2.4.0.jar:/home/cgi/.m2/repository/net/minidev/json-smart/2.3/json-smart-2.3.jar:/home/cgi/.m2/repository/net/minidev/accessors-smart/1.2/accessors-smart-1.2.jar:/home/cgi/.m2/repository/org/assertj/assertj-core/3.9.1/assertj-core-3.9.1.jar:/home/cgi/.m2/repository/org/mockito/mockito-core/2.15.0/mockito-core-2.15.0.jar:/home/cgi/.m2/repository/net/bytebuddy/byte-buddy/1.7.11/byte-buddy-1.7.11.jar:/home/cgi/.m2/repository/net/bytebuddy/byte-buddy-agent/1.7.11/byte-buddy-agent-1.7.11.jar:/home/cgi/.m2/repository/org/objenesis/objenesis/2.6/objenesis-2.6.jar:/home/cgi/.m2/repository/org/hamcrest/hamcrest-core/1.3/hamcrest-core-1.3.jar:/home/cgi/.m2/repository/org/hamcrest/hamcrest-library/1.3/hamcrest-library-1.3.jar:/home/cgi/.m2/repository/org/skyscreamer/jsonassert/1.5.0/jsonassert-1.5.0.jar:/home/cgi/.m2/repository/com/vaadin/external/google/android-json/0.0.20131108.vaadin1/android-json-0.0.20131108.vaadin1.jar:/home/cgi/.m2/repository/org/springframework/spring-core/5.0.10.RELEASE/spring-core-5.0.10.RELEASE.jar:/home/cgi/.m2/repository/org/springframework/spring-jcl/5.0.10.RELEASE/spring-jcl-5.0.10.RELEASE.jar:/home/cgi/.m2/repository/org/springframework/spring-test/5.0.10.RELEASE/spring-test-5.0.10.RELEASE.jar:/home/cgi/.m2/repository/org/xmlunit/xmlunit-core/2.5.1/xmlunit-core-2.5.1.jar:/home/cgi/.m2/repository/com/fasterxml/jackson/core/jackson-databind/2.9.7/jackson-databind-2.9.7.jar:/home/cgi/.m2/repository/com/fasterxml/jackson/core/jackson-annotations/2.9.0/jackson-annotations-2.9.0.jar:/home/cgi/.m2/repository/com/fasterxml/jackson/core/jackson-core/2.9.7/jackson-core-2.9.7.jar:/home/cgi/.m2/repository/junit/junit/4.12/junit-4.12.jar:/home/cgi/.m2/repository/org/jacoco/jacoco-maven-plugin/0.8.2/jacoco-maven-plugin-0.8.2.jar:/home/cgi/.m2/repository/org/apache/maven/maven-plugin-api/2.2.1/maven-plugin-api-2.2.1.jar:/home/cgi/.m2/repository/org/apache/maven/maven-project/2.2.1/maven-project-2.2.1.jar:/home/cgi/.m2/repository/org/apache/maven/maven-settings/2.2.1/maven-settings-2.2.1.jar:/home/cgi/.m2/repository/org/apache/maven/maven-profile/2.2.1/maven-profile-2.2.1.jar:/home/cgi/.m2/repository/org/apache/maven/maven-model/2.2.1/maven-model-2.2.1.jar:/home/cgi/.m2/repository/org/apache/maven/maven-artifact-manager/2.2.1/maven-artifact-manager-2.2.1.jar:/home/cgi/.m2/repository/org/apache/maven/maven-repository-metadata/2.2.1/maven-repository-metadata-2.2.1.jar:/home/cgi/.m2/repository/org/apache/maven/wagon/wagon-provider-api/1.0-beta-6/wagon-provider-api-1.0-beta-6.jar:/home/cgi/.m2/repository/backport-util-concurrent/backport-util-concurrent/3.1/backport-util-concurrent-3.1.jar:/home/cgi/.m2/repository/org/apache/maven/maven-plugin-registry/2.2.1/maven-plugin-registry-2.2.1.jar:/home/cgi/.m2/repository/org/codehaus/plexus/plexus-interpolation/1.11/plexus-interpolation-1.11.jar:/home/cgi/.m2/repository/org/apache/maven/maven-artifact/2.2.1/maven-artifact-2.2.1.jar:/home/cgi/.m2/repository/org/codehaus/plexus/plexus-container-default/1.0-alpha-9-stable-1/plexus-container-default-1.0-alpha-9-stable-1.jar:/home/cgi/.m2/repository/classworlds/classworlds/1.1-alpha-2/classworlds-1.1-alpha-2.jar:/home/cgi/.m2/repository/org/codehaus/plexus/plexus-utils/3.0.22/plexus-utils-3.0.22.jar:/home/cgi/.m2/repository/org/apache/maven/shared/file-management/1.2.1/file-management-1.2.1.jar:/home/cgi/.m2/repository/org/apache/maven/shared/maven-shared-io/1.1/maven-shared-io-1.1.jar:/home/cgi/.m2/repository/org/apache/maven/reporting/maven-reporting-api/2.2.1/maven-reporting-api-2.2.1.jar:/home/cgi/.m2/repository/org/apache/maven/doxia/doxia-sink-api/1.1/doxia-sink-api-1.1.jar:/home/cgi/.m2/repository/org/apache/maven/doxia/doxia-logging-api/1.1/doxia-logging-api-1.1.jar:/home/cgi/.m2/repository/org/apache/maven/reporting/maven-reporting-impl/2.1/maven-reporting-impl-2.1.jar:/home/cgi/.m2/repository/org/apache/maven/doxia/doxia-core/1.1.2/doxia-core-1.1.2.jar:/home/cgi/.m2/repository/xerces/xercesImpl/2.8.1/xercesImpl-2.8.1.jar:/home/cgi/.m2/repository/commons-lang/commons-lang/2.4/commons-lang-2.4.jar:/home/cgi/.m2/repository/commons-httpclient/commons-httpclient/3.1/commons-httpclient-3.1.jar:/home/cgi/.m2/repository/commons-codec/commons-codec/1.11/commons-codec-1.11.jar:/home/cgi/.m2/repository/org/apache/maven/doxia/doxia-site-renderer/1.1.2/doxia-site-renderer-1.1.2.jar:/home/cgi/.m2/repository/org/apache/maven/doxia/doxia-decoration-model/1.1.2/doxia-decoration-model-1.1.2.jar:/home/cgi/.m2/repository/org/apache/maven/doxia/doxia-module-xhtml/1.1.2/doxia-module-xhtml-1.1.2.jar:/home/cgi/.m2/repository/org/apache/maven/doxia/doxia-module-fml/1.1.2/doxia-module-fml-1.1.2.jar:/home/cgi/.m2/repository/org/codehaus/plexus/plexus-i18n/1.0-beta-7/plexus-i18n-1.0-beta-7.jar:/home/cgi/.m2/repository/org/codehaus/plexus/plexus-velocity/1.1.7/plexus-velocity-1.1.7.jar:/home/cgi/.m2/repository/org/apache/velocity/velocity/1.5/velocity-1.5.jar:/home/cgi/.m2/repository/commons-collections/commons-collections/3.2/commons-collections-3.2.jar:/home/cgi/.m2/repository/commons-validator/commons-validator/1.2.0/commons-validator-1.2.0.jar:/home/cgi/.m2/repository/commons-beanutils/commons-beanutils/1.7.0/commons-beanutils-1.7.0.jar:/home/cgi/.m2/repository/commons-digester/commons-digester/1.6/commons-digester-1.6.jar:/home/cgi/.m2/repository/commons-logging/commons-logging/1.0.4/commons-logging-1.0.4.jar:/home/cgi/.m2/repository/oro/oro/2.0.8/oro-2.0.8.jar:/home/cgi/.m2/repository/xml-apis/xml-apis/1.4.01/xml-apis-1.4.01.jar:/home/cgi/.m2/repository/org/jacoco/org.jacoco.agent/0.8.2/org.jacoco.agent-0.8.2-runtime.jar:/home/cgi/.m2/repository/org/jacoco/org.jacoco.core/0.8.2/org.jacoco.core-0.8.2.jar:/home/cgi/.m2/repository/org/ow2/asm/asm/6.2.1/asm-6.2.1.jar:/home/cgi/.m2/repository/org/ow2/asm/asm-commons/6.2.1/asm-commons-6.2.1.jar:/home/cgi/.m2/repository/org/ow2/asm/asm-analysis/6.2.1/asm-analysis-6.2.1.jar:/home/cgi/.m2/repository/org/ow2/asm/asm-tree/6.2.1/asm-tree-6.2.1.jar:/home/cgi/.m2/repository/org/jacoco/org.jacoco.report/0.8.2/org.jacoco.report-0.8.2.jar:, java.vm.vendor="Oracle Corporation", sun.arch.data.model=64, java.vendor.url=http://java.oracle.com/, user.timezone=Asia/Kolkata, os.name=Linux, java.vm.specification.version=10, sun.java.launcher=SUN_STANDARD, user.country=IN, sun.boot.library.path=/usr/lib/jvm/java-10-oracle/lib, sun.java.command=/home/cgi/Knowledge-vault-frontend/knowledge-vault/queryEngine/target/surefire/surefirebooter14707627648947901457.jar /home/cgi/Knowledge-vault-frontend/knowledge-vault/queryEngine/target/surefire 2018-11-30T10-06-24_913-jvmRun1 surefire13089149714388681562tmp surefire_67913171993944873612tmp, jdk.debug=release, surefire.test.class.path=/home/cgi/Knowledge-vault-frontend/knowledge-vault/queryEngine/target/test-classes:/home/cgi/Knowledge-vault-frontend/knowledge-vault/queryEngine/target/classes:/home/cgi/.m2/repository/org/springframework/boot/spring-boot-starter-data-neo4j/2.0.6.RELEASE/spring-boot-starter-data-neo4j-2.0.6.RELEASE.jar:/home/cgi/.m2/repository/org/springframework/boot/spring-boot-starter/2.0.6.RELEASE/spring-boot-starter-2.0.6.RELEASE.jar:/home/cgi/.m2/repository/org/springframework/boot/spring-boot/2.0.6.RELEASE/spring-boot-2.0.6.RELEASE.jar:/home/cgi/.m2/repository/org/springframework/boot/spring-boot-autoconfigure/2.0.6.RELEASE/spring-boot-autoconfigure-2.0.6.RELEASE.jar:/home/cgi/.m2/repository/org/springframework/boot/spring-boot-starter-logging/2.0.6.RELEASE/spring-boot-starter-logging-2.0.6.RELEASE.jar:/home/cgi/.m2/repository/ch/qos/logback/logback-classic/1.2.3/logback-classic-1.2.3.jar:/home/cgi/.m2/repository/ch/qos/logback/logback-core/1.2.3/logback-core-1.2.3.jar:/home/cgi/.m2/repository/org/apache/logging/log4j/log4j-to-slf4j/2.10.0/log4j-to-slf4j-2.10.0.jar:/home/cgi/.m2/repository/org/apache/logging/log4j/log4j-api/2.10.0/log4j-api-2.10.0.jar:/home/cgi/.m2/repository/org/slf4j/jul-to-slf4j/1.7.25/jul-to-slf4j-1.7.25.jar:/home/cgi/.m2/repository/javax/annotation/javax.annotation-api/1.3.2/javax.annotation-api-1.3.2.jar:/home/cgi/.m2/repository/org/yaml/snakeyaml/1.19/snakeyaml-1.19.jar:/home/cgi/.m2/repository/org/springframework/data/spring-data-neo4j/5.0.11.RELEASE/spring-data-neo4j-5.0.11.RELEASE.jar:/home/cgi/.m2/repository/org/springframework/spring-beans/5.0.10.RELEASE/spring-beans-5.0.10.RELEASE.jar:/home/cgi/.m2/repository/org/springframework/data/spring-data-commons/2.0.11.RELEASE/spring-data-commons-2.0.11.RELEASE.jar:/home/cgi/.m2/repository/org/neo4j/neo4j-ogm-core/3.1.4/neo4j-ogm-core-3.1.4.jar:/home/cgi/.m2/repository/org/neo4j/neo4j-ogm-api/3.1.4/neo4j-ogm-api-3.1.4.jar:/home/cgi/.m2/repository/org/apache/commons/commons-lang3/3.7/commons-lang3-3.7.jar:/home/cgi/.m2/repository/io/github/lukehutch/fast-classpath-scanner/2.18.1/fast-classpath-scanner-2.18.1.jar:/home/cgi/.m2/repository/org/neo4j/neo4j-ogm-bolt-driver/3.1.4/neo4j-ogm-bolt-driver-3.1.4.jar:/home/cgi/.m2/repository/org/neo4j/driver/neo4j-java-driver/1.6.3/neo4j-java-driver-1.6.3.jar:/home/cgi/.m2/repository/commons-io/commons-io/2.4/commons-io-2.4.jar:/home/cgi/.m2/repository/org/slf4j/slf4j-api/1.7.25/slf4j-api-1.7.25.jar:/home/cgi/.m2/repository/org/springframework/kafka/spring-kafka/2.2.0.RELEASE/spring-kafka-2.2.0.RELEASE.jar:/home/cgi/.m2/repository/org/springframework/spring-context/5.0.10.RELEASE/spring-context-5.0.10.RELEASE.jar:/home/cgi/.m2/repository/org/springframework/spring-aop/5.0.10.RELEASE/spring-aop-5.0.10.RELEASE.jar:/home/cgi/.m2/repository/org/springframework/spring-expression/5.0.10.RELEASE/spring-expression-5.0.10.RELEASE.jar:/home/cgi/.m2/repository/org/springframework/spring-messaging/5.0.10.RELEASE/spring-messaging-5.0.10.RELEASE.jar:/home/cgi/.m2/repository/org/springframework/spring-tx/5.0.10.RELEASE/spring-tx-5.0.10.RELEASE.jar:/home/cgi/.m2/repository/org/springframework/retry/spring-retry/1.2.2.RELEASE/spring-retry-1.2.2.RELEASE.jar:/home/cgi/.m2/repository/org/apache/kafka/kafka-clients/1.0.2/kafka-clients-1.0.2.jar:/home/cgi/.m2/repository/org/lz4/lz4-java/1.4/lz4-java-1.4.jar:/home/cgi/.m2/repository/org/xerial/snappy/snappy-java/1.1.4/snappy-java-1.1.4.jar:/home/cgi/.m2/repository/org/springframework/boot/spring-boot-starter-web/2.0.6.RELEASE/spring-boot-starter-web-2.0.6.RELEASE.jar:/home/cgi/.m2/repository/org/springframework/boot/spring-boot-starter-json/2.0.6.RELEASE/spring-boot-starter-json-2.0.6.RELEASE.jar:/home/cgi/.m2/repository/com/fasterxml/jackson/datatype/jackson-datatype-jdk8/2.9.7/jackson-datatype-jdk8-2.9.7.jar:/home/cgi/.m2/repository/com/fasterxml/jackson/datatype/jackson-datatype-jsr310/2.9.7/jackson-datatype-jsr310-2.9.7.jar:/home/cgi/.m2/repository/com/fasterxml/jackson/module/jackson-module-parameter-names/2.9.7/jackson-module-parameter-names-2.9.7.jar:/home/cgi/.m2/repository/org/springframework/boot/spring-boot-starter-tomcat/2.0.6.RELEASE/spring-boot-starter-tomcat-2.0.6.RELEASE.jar:/home/cgi/.m2/repository/org/apache/tomcat/embed/tomcat-embed-core/8.5.34/tomcat-embed-core-8.5.34.jar:/home/cgi/.m2/repository/org/apache/tomcat/embed/tomcat-embed-el/8.5.34/tomcat-embed-el-8.5.34.jar:/home/cgi/.m2/repository/org/apache/tomcat/embed/tomcat-embed-websocket/8.5.34/tomcat-embed-websocket-8.5.34.jar:/home/cgi/.m2/repository/org/hibernate/validator/hibernate-validator/6.0.13.Final/hibernate-validator-6.0.13.Final.jar:/home/cgi/.m2/repository/javax/validation/validation-api/2.0.1.Final/validation-api-2.0.1.Final.jar:/home/cgi/.m2/repository/org/jboss/logging/jboss-logging/3.3.2.Final/jboss-logging-3.3.2.Final.jar:/home/cgi/.m2/repository/com/fasterxml/classmate/1.3.4/classmate-1.3.4.jar:/home/cgi/.m2/repository/org/springframework/spring-web/5.0.10.RELEASE/spring-web-5.0.10.RELEASE.jar:/home/cgi/.m2/repository/org/springframework/spring-webmvc/5.0.10.RELEASE/spring-webmvc-5.0.10.RELEASE.jar:/home/cgi/.m2/repository/org/projectlombok/lombok/1.18.4/lombok-1.18.4.jar:/home/cgi/.m2/repository/org/springframework/boot/spring-boot-starter-test/2.0.6.RELEASE/spring-boot-starter-test-2.0.6.RELEASE.jar:/home/cgi/.m2/repository/org/springframework/boot/spring-boot-test/2.0.6.RELEASE/spring-boot-test-2.0.6.RELEASE.jar:/home/cgi/.m2/repository/org/springframework/boot/spring-boot-test-autoconfigure/2.0.6.RELEASE/spring-boot-test-autoconfigure-2.0.6.RELEASE.jar:/home/cgi/.m2/repository/com/jayway/jsonpath/json-path/2.4.0/json-path-2.4.0.jar:/home/cgi/.m2/repository/net/minidev/json-smart/2.3/json-smart-2.3.jar:/home/cgi/.m2/repository/net/minidev/accessors-smart/1.2/accessors-smart-1.2.jar:/home/cgi/.m2/repository/org/assertj/assertj-core/3.9.1/assertj-core-3.9.1.jar:/home/cgi/.m2/repository/org/mockito/mockito-core/2.15.0/mockito-core-2.15.0.jar:/home/cgi/.m2/repository/net/bytebuddy/byte-buddy/1.7.11/byte-buddy-1.7.11.jar:/home/cgi/.m2/repository/net/bytebuddy/byte-buddy-agent/1.7.11/byte-buddy-agent-1.7.11.jar:/home/cgi/.m2/repository/org/objenesis/objenesis/2.6/objenesis-2.6.jar:/home/cgi/.m2/repository/org/hamcrest/hamcrest-core/1.3/hamcrest-core-1.3.jar:/home/cgi/.m2/repository/org/hamcrest/hamcrest-library/1.3/hamcrest-library-1.3.jar:/home/cgi/.m2/repository/org/skyscreamer/jsonassert/1.5.0/jsonassert-1.5.0.jar:/home/cgi/.m2/repository/com/vaadin/external/google/android-json/0.0.20131108.vaadin1/android-json-0.0.20131108.vaadin1.jar:/home/cgi/.m2/repository/org/springframework/spring-core/5.0.10.RELEASE/spring-core-5.0.10.RELEASE.jar:/home/cgi/.m2/repository/org/springframework/spring-jcl/5.0.10.RELEASE/spring-jcl-5.0.10.RELEASE.jar:/home/cgi/.m2/repository/org/springframework/spring-test/5.0.10.RELEASE/spring-test-5.0.10.RELEASE.jar:/home/cgi/.m2/repository/org/xmlunit/xmlunit-core/2.5.1/xmlunit-core-2.5.1.jar:/home/cgi/.m2/repository/com/fasterxml/jackson/core/jackson-databind/2.9.7/jackson-databind-2.9.7.jar:/home/cgi/.m2/repository/com/fasterxml/jackson/core/jackson-annotations/2.9.0/jackson-annotations-2.9.0.jar:/home/cgi/.m2/repository/com/fasterxml/jackson/core/jackson-core/2.9.7/jackson-core-2.9.7.jar:/home/cgi/.m2/repository/junit/junit/4.12/junit-4.12.jar:/home/cgi/.m2/repository/org/jacoco/jacoco-maven-plugin/0.8.2/jacoco-maven-plugin-0.8.2.jar:/home/cgi/.m2/repository/org/apache/maven/maven-plugin-api/2.2.1/maven-plugin-api-2.2.1.jar:/home/cgi/.m2/repository/org/apache/maven/maven-project/2.2.1/maven-project-2.2.1.jar:/home/cgi/.m2/repository/org/apache/maven/maven-settings/2.2.1/maven-settings-2.2.1.jar:/home/cgi/.m2/repository/org/apache/maven/maven-profile/2.2.1/maven-profile-2.2.1.jar:/home/cgi/.m2/repository/org/apache/maven/maven-model/2.2.1/maven-model-2.2.1.jar:/home/cgi/.m2/repository/org/apache/maven/maven-artifact-manager/2.2.1/maven-artifact-manager-2.2.1.jar:/home/cgi/.m2/repository/org/apache/maven/maven-repository-metadata/2.2.1/maven-repository-metadata-2.2.1.jar:/home/cgi/.m2/repository/org/apache/maven/wagon/wagon-provider-api/1.0-beta-6/wagon-provider-api-1.0-beta-6.jar:/home/cgi/.m2/repository/backport-util-concurrent/backport-util-concurrent/3.1/backport-util-concurrent-3.1.jar:/home/cgi/.m2/repository/org/apache/maven/maven-plugin-registry/2.2.1/maven-plugin-registry-2.2.1.jar:/home/cgi/.m2/repository/org/codehaus/plexus/plexus-interpolation/1.11/plexus-interpolation-1.11.jar:/home/cgi/.m2/repository/org/apache/maven/maven-artifact/2.2.1/maven-artifact-2.2.1.jar:/home/cgi/.m2/repository/org/codehaus/plexus/plexus-container-default/1.0-alpha-9-stable-1/plexus-container-default-1.0-alpha-9-stable-1.jar:/home/cgi/.m2/repository/classworlds/classworlds/1.1-alpha-2/classworlds-1.1-alpha-2.jar:/home/cgi/.m2/repository/org/codehaus/plexus/plexus-utils/3.0.22/plexus-utils-3.0.22.jar:/home/cgi/.m2/repository/org/apache/maven/shared/file-management/1.2.1/file-management-1.2.1.jar:/home/cgi/.m2/repository/org/apache/maven/shared/maven-shared-io/1.1/maven-shared-io-1.1.jar:/home/cgi/.m2/repository/org/apache/maven/reporting/maven-reporting-api/2.2.1/maven-reporting-api-2.2.1.jar:/home/cgi/.m2/repository/org/apache/maven/doxia/doxia-sink-api/1.1/doxia-sink-api-1.1.jar:/home/cgi/.m2/repository/org/apache/maven/doxia/doxia-logging-api/1.1/doxia-logging-api-1.1.jar:/home/cgi/.m2/repository/org/apache/maven/reporting/maven-reporting-impl/2.1/maven-reporting-impl-2.1.jar:/home/cgi/.m2/repository/org/apache/maven/doxia/doxia-core/1.1.2/doxia-core-1.1.2.jar:/home/cgi/.m2/repository/xerces/xercesImpl/2.8.1/xercesImpl-2.8.1.jar:/home/cgi/.m2/repository/commons-lang/commons-lang/2.4/commons-lang-2.4.jar:/home/cgi/.m2/repository/commons-httpclient/commons-httpclient/3.1/commons-httpclient-3.1.jar:/home/cgi/.m2/repository/commons-codec/commons-codec/1.11/commons-codec-1.11.jar:/home/cgi/.m2/repository/org/apache/maven/doxia/doxia-site-renderer/1.1.2/doxia-site-renderer-1.1.2.jar:/home/cgi/.m2/repository/org/apache/maven/doxia/doxia-decoration-model/1.1.2/doxia-decoration-model-1.1.2.jar:/home/cgi/.m2/repository/org/apache/maven/doxia/doxia-module-xhtml/1.1.2/doxia-module-xhtml-1.1.2.jar:/home/cgi/.m2/repository/org/apache/maven/doxia/doxia-module-fml/1.1.2/doxia-module-fml-1.1.2.jar:/home/cgi/.m2/repository/org/codehaus/plexus/plexus-i18n/1.0-beta-7/plexus-i18n-1.0-beta-7.jar:/home/cgi/.m2/repository/org/codehaus/plexus/plexus-velocity/1.1.7/plexus-velocity-1.1.7.jar:/home/cgi/.m2/repository/org/apache/velocity/velocity/1.5/velocity-1.5.jar:/home/cgi/.m2/repository/commons-collections/commons-collections/3.2/commons-collections-3.2.jar:/home/cgi/.m2/repository/commons-validator/commons-validator/1.2.0/commons-validator-1.2.0.jar:/home/cgi/.m2/repository/commons-beanutils/commons-beanutils/1.7.0/commons-beanutils-1.7.0.jar:/home/cgi/.m2/repository/commons-digester/commons-digester/1.6/commons-digester-1.6.jar:/home/cgi/.m2/repository/commons-logging/commons-logging/1.0.4/commons-logging-1.0.4.jar:/home/cgi/.m2/repository/oro/oro/2.0.8/oro-2.0.8.jar:/home/cgi/.m2/repository/xml-apis/xml-apis/1.4.01/xml-apis-1.4.01.jar:/home/cgi/.m2/repository/org/jacoco/org.jacoco.agent/0.8.2/org.jacoco.agent-0.8.2-runtime.jar:/home/cgi/.m2/repository/org/jacoco/org.jacoco.core/0.8.2/org.jacoco.core-0.8.2.jar:/home/cgi/.m2/repository/org/ow2/asm/asm/6.2.1/asm-6.2.1.jar:/home/cgi/.m2/repository/org/ow2/asm/asm-commons/6.2.1/asm-commons-6.2.1.jar:/home/cgi/.m2/repository/org/ow2/asm/asm-analysis/6.2.1/asm-analysis-6.2.1.jar:/home/cgi/.m2/repository/org/ow2/asm/asm-tree/6.2.1/asm-tree-6.2.1.jar:/home/cgi/.m2/repository/org/jacoco/org.jacoco.report/0.8.2/org.jacoco.report-0.8.2.jar:, sun.cpu.endian=little, user.home=/home/cgi, user.language=en, java.specification.vendor=Oracle Corporation, java.version.date=2018-07-17, java.home=/usr/lib/jvm/java-10-oracle, file.separator=/, basedir=/home/cgi/Knowledge-vault-frontend/knowledge-vault/queryEngine, java.vm.compressedOopsMode=32-bit, line.separator=
, java.specification.name=Java Platform API Specification, java.vm.specification.vendor=Oracle Corporation, java.awt.graphicsenv=sun.awt.X11GraphicsEnvironment, surefire.real.class.path=/home/cgi/Knowledge-vault-frontend/knowledge-vault/queryEngine/target/surefire/surefirebooter14707627648947901457.jar, sun.management.compiler=HotSpot 64-Bit Tiered Compilers, java.runtime.version=10.0.2+13, user.name=cgi, path.separator=:, os.version=4.15.0-38-generic, java.runtime.name=Java(TM) SE Runtime Environment, file.encoding=UTF-8, java.vm.name=Java HotSpot(TM) 64-Bit Server VM, java.vendor.version=18.3, localRepository=/home/cgi/.m2/repository, java.vendor.url.bug=http://bugreport.java.com/bugreport/, java.io.tmpdir=/tmp, java.version=10.0.2, user.dir=/home/cgi/Knowledge-vault-frontend/knowledge-vault/queryEngine, os.arch=amd64, java.vm.specification.name=Java Virtual Machine Specification, java.awt.printerjob=sun.print.PSPrinterJob, sun.os.patch.level=unknown, java.library.path=/usr/java/packages/lib:/usr/lib64:/lib64:/lib:/usr/lib, java.vendor=Oracle Corporation, java.vm.info=mixed mode, java.vm.version=10.0.2+13, sun.io.unicode.encoding=UnicodeLittle, java.class.version=54.0}}, SystemEnvironmentPropertySource@1018125462 {name='systemEnvironment', properties={PATH=/home/cgi/Downloads/google-cloud-sdk/bin:/home/cgi/bin:/home/cgi/.local/bin:/usr/local/lib/npm/bin:/usr/local/sbin:/usr/local/bin:/usr/sbin:/usr/bin:/sbin:/bin:/usr/games:/usr/local/games:/snap/bin:/usr/lib/jvm/java-10-oracle/bin:/usr/lib/jvm/java-10-oracle/db/bin, XAUTHORITY=/home/cgi/.Xauthority, XMODIFIERS=@im=ibus, XDG_DATA_DIRS=/usr/share/ubuntu:/usr/share/gnome:/usr/local/share:/usr/share:/var/lib/snapd/desktop:/var/lib/snapd/desktop, GDMSESSION=ubuntu, MANDATORY_PATH=/usr/share/gconf/ubuntu.mandatory.path, GTK_IM_MODULE=ibus, DBUS_SESSION_BUS_ADDRESS=unix:abstract=/tmp/dbus-RsCIEUhUzq, DEFAULTS_PATH=/usr/share/gconf/ubuntu.default.path, XDG_CURRENT_DESKTOP=Unity, UPSTART_SESSION=unix:abstract=/com/ubuntu/upstart-session/1000/2062, QT4_IM_MODULE=xim, SESSION_MANAGER=local/cgi-Latitude-E5440:@/tmp/.ICE-unix/2286,unix/cgi-Latitude-E5440:/tmp/.ICE-unix/2286, QT_LINUX_ACCESSIBILITY_ALWAYS_ON=1, LOGNAME=cgi, JOB=dbus, PWD=/home/cgi/Knowledge-vault-frontend/knowledge-vault/queryEngine, DERBY_HOME=/usr/lib/jvm/java-10-oracle/db, IM_CONFIG_PHASE=1, LANGUAGE=en_IN:en, WINDOWID=69206026, SHELL=/bin/bash, LESSOPEN=| /usr/bin/lesspipe %s, NPM_CONFIG_PREFIX=/usr/local/lib/npm, GTK2_MODULES=overlay-scrollbar, INSTANCE=, J2SDKDIR=/usr/lib/jvm/java-10-oracle, OLDPWD=/home/cgi/Knowledge-vault-frontend/knowledge-vault/queryEngine, GNOME_DESKTOP_SESSION_ID=this-is-deprecated, GTK_MODULES=gail:atk-bridge:unity-gtk-module, J2REDIR=/usr/lib/jvm/java-10-oracle, CLUTTER_IM_MODULE=xim, XDG_SESSION_PATH=/org/freedesktop/DisplayManager/Session0, SESSIONTYPE=gnome-session, LS_COLORS=rs=0:di=01;34:ln=01;36:mh=00:pi=40;33:so=01;35:do=01;35:bd=40;33;01:cd=40;33;01:or=40;31;01:mi=00:su=37;41:sg=30;43:ca=30;41:tw=30;42:ow=34;42:st=37;44:ex=01;32:*.tar=01;31:*.tgz=01;31:*.arc=01;31:*.arj=01;31:*.taz=01;31:*.lha=01;31:*.lz4=01;31:*.lzh=01;31:*.lzma=01;31:*.tlz=01;31:*.txz=01;31:*.tzo=01;31:*.t7z=01;31:*.zip=01;31:*.z=01;31:*.Z=01;31:*.dz=01;31:*.gz=01;31:*.lrz=01;31:*.lz=01;31:*.lzo=01;31:*.xz=01;31:*.bz2=01;31:*.bz=01;31:*.tbz=01;31:*.tbz2=01;31:*.tz=01;31:*.deb=01;31:*.rpm=01;31:*.jar=01;31:*.war=01;31:*.ear=01;31:*.sar=01;31:*.rar=01;31:*.alz=01;31:*.ace=01;31:*.zoo=01;31:*.cpio=01;31:*.7z=01;31:*.rz=01;31:*.cab=01;31:*.jpg=01;35:*.jpeg=01;35:*.gif=01;35:*.bmp=01;35:*.pbm=01;35:*.pgm=01;35:*.ppm=01;35:*.tga=01;35:*.xbm=01;35:*.xpm=01;35:*.tif=01;35:*.tiff=01;35:*.png=01;35:*.svg=01;35:*.svgz=01;35:*.mng=01;35:*.pcx=01;35:*.mov=01;35:*.mpg=01;35:*.mpeg=01;35:*.m2v=01;35:*.mkv=01;35:*.webm=01;35:*.ogm=01;35:*.mp4=01;35:*.m4v=01;35:*.mp4v=01;35:*.vob=01;35:*.qt=01;35:*.nuv=01;35:*.wmv=01;35:*.asf=01;35:*.rm=01;35:*.rmvb=01;35:*.flc=01;35:*.avi=01;35:*.fli=01;35:*.flv=01;35:*.gl=01;35:*.dl=01;35:*.xcf=01;35:*.xwd=01;35:*.yuv=01;35:*.cgm=01;35:*.emf=01;35:*.ogv=01;35:*.ogx=01;35:*.aac=00;36:*.au=00;36:*.flac=00;36:*.m4a=00;36:*.mid=00;36:*.midi=00;36:*.mka=00;36:*.mp3=00;36:*.mpc=00;36:*.ogg=00;36:*.ra=00;36:*.wav=00;36:*.oga=00;36:*.opus=00;36:*.spx=00;36:*.xspf=00;36:, XDG_SESSION_DESKTOP=ubuntu, SHLVL=1, LESSCLOSE=/usr/bin/lesspipe %s %s, COMPIZ_CONFIG_PROFILE=ubuntu, QT_IM_MODULE=ibus, JAVA_HOME=/usr/lib/jvm/java-10-oracle, TERM=xterm-256color, XDG_CONFIG_DIRS=/etc/xdg/xdg-ubuntu:/usr/share/upstart/xdg:/etc/xdg, LANG=en_IN, GNOME_KEYRING_CONTROL=, XDG_SEAT_PATH=/org/freedesktop/DisplayManager/Seat0, XDG_SESSION_ID=c2, XDG_SESSION_TYPE=x11, DISPLAY=:0, NODE_PATH=:/usr/local/lib/npm/lib/node_modules, MAVEN_CMD_LINE_ARGS= clean package, _=/usr/bin/mvn, GDM_LANG=en_US, XDG_GREETER_DATA_DIR=/var/lib/lightdm-data/cgi, GPG_AGENT_INFO=/home/cgi/.gnupg/S.gpg-agent:0:1, MAVEN_PROJECTBASEDIR=/home/cgi/Knowledge-vault-frontend/knowledge-vault, DESKTOP_SESSION=ubuntu, SESSION=ubuntu, USER=cgi, XDG_MENU_PREFIX=gnome-, VTE_VERSION=4205, QT_ACCESSIBILITY=1, SSH_AUTH_SOCK=/run/user/1000/keyring/ssh, XDG_SEAT=seat0, QT_QPA_PLATFORMTHEME=appmenu-qt5, XDG_VTNR=7, XDG_RUNTIME_DIR=/run/user/1000, HOME=/home/cgi, GNOME_KEYRING_PID=}}]
10:07:58.554 [main] DEBUG org.springframework.test.context.support.TestPropertySourceUtils - Adding inlined properties to environment: {spring.jmx.enabled=false, org.springframework.boot.test.context.SpringBootTestContextBootstrapper=true, server.port=-1}
10:07:58.555 [main] DEBUG org.springframework.core.env.StandardEnvironment - Adding PropertySource 'Inlined Test Properties' with highest search precedence

  .   ____          _            __ _ _
 /\\ / ___'_ __ _ _(_)_ __  __ _ \ \ \ \
( ( )\___ | '_ | '_| | '_ \/ _` | \ \ \ \
 \\/  ___)| |_)| | | | | || (_| |  ) ) ) )
  '  |____| .__|_| |_|_| |_\__, | / / / /
 =========|_|==============|___/=/_/_/_/
 :: Spring Boot ::        (v2.0.6.RELEASE)

2018-11-30 10:07:59.366  INFO 30738 --- [           main] c.s.k.q.QueryEngineApplicationTests      : Starting QueryEngineApplicationTests on cgi-Latitude-E5440 with PID 30738 (started by cgi in /home/cgi/Knowledge-vault-frontend/knowledge-vault/queryEngine)
2018-11-30 10:07:59.370  INFO 30738 --- [           main] c.s.k.q.QueryEngineApplicationTests      : No active profile set, falling back to default profiles: default
2018-11-30 10:07:59.493  INFO 30738 --- [           main] o.s.w.c.s.GenericWebApplicationContext   : Refreshing org.springframework.web.context.support.GenericWebApplicationContext@5b71af0d: startup date [Fri Nov 30 10:07:59 IST 2018]; root of context hierarchy
2018-11-30 10:08:01.908  INFO 30738 --- [           main] trationDelegate$BeanPostProcessorChecker : Bean 'org.springframework.kafka.annotation.KafkaBootstrapConfiguration' of type [org.springframework.kafka.annotation.KafkaBootstrapConfiguration$$EnhancerBySpringCGLIB$$a95fd689] is not eligible for getting processed by all BeanPostProcessors (for example: not eligible for auto-proxying)
2018-11-30 10:08:02.061  INFO 30738 --- [           main] trationDelegate$BeanPostProcessorChecker : Bean 'org.springframework.boot.autoconfigure.data.neo4j.Neo4jDataAutoConfiguration' of type [org.springframework.boot.autoconfigure.data.neo4j.Neo4jDataAutoConfiguration$$EnhancerBySpringCGLIB$$a9881812] is not eligible for getting processed by all BeanPostProcessors (for example: not eligible for auto-proxying)
2018-11-30 10:08:02.082  INFO 30738 --- [           main] trationDelegate$BeanPostProcessorChecker : Bean 'org.springframework.transaction.annotation.ProxyTransactionManagementConfiguration' of type [org.springframework.transaction.annotation.ProxyTransactionManagementConfiguration$$EnhancerBySpringCGLIB$$d5adc506] is not eligible for getting processed by all BeanPostProcessors (for example: not eligible for auto-proxying)
2018-11-30 10:08:02.160  INFO 30738 --- [           main] trationDelegate$BeanPostProcessorChecker : Bean 'org.springframework.boot.context.properties.ConversionServiceDeducer$Factory' of type [org.springframework.boot.context.properties.ConversionServiceDeducer$Factory] is not eligible for getting processed by all BeanPostProcessors (for example: not eligible for auto-proxying)
2018-11-30 10:08:02.166  INFO 30738 --- [           main] trationDelegate$BeanPostProcessorChecker : Bean 'spring.data.neo4j-org.springframework.boot.autoconfigure.data.neo4j.Neo4jProperties' of type [org.springframework.boot.autoconfigure.data.neo4j.Neo4jProperties] is not eligible for getting processed by all BeanPostProcessors (for example: not eligible for auto-proxying)
2018-11-30 10:08:02.189  INFO 30738 --- [           main] trationDelegate$BeanPostProcessorChecker : Bean 'configuration' of type [org.neo4j.ogm.config.Configuration] is not eligible for getting processed by all BeanPostProcessors (for example: not eligible for auto-proxying)
2018-11-30 10:08:02.859  INFO 30738 --- [           main] org.neo4j.ogm.metadata.DomainInfo        : Starting Post-processing phase
2018-11-30 10:08:02.860  INFO 30738 --- [           main] org.neo4j.ogm.metadata.DomainInfo        : Building annotation class map
2018-11-30 10:08:02.860  INFO 30738 --- [           main] org.neo4j.ogm.metadata.DomainInfo        : Building interface class map for 7 classes
2018-11-30 10:08:02.897  INFO 30738 --- [           main] org.neo4j.ogm.metadata.DomainInfo        : Post-processing complete
2018-11-30 10:08:02.912  INFO 30738 --- [           main] trationDelegate$BeanPostProcessorChecker : Bean 'sessionFactory' of type [org.neo4j.ogm.session.SessionFactory] is not eligible for getting processed by all BeanPostProcessors (for example: not eligible for auto-proxying)
2018-11-30 10:08:03.347  INFO 30738 --- [           main] Driver                                   : Direct driver instance 1588138851 created for server address localhost:7687
2018-11-30 10:08:04.681  INFO 30738 --- [           main] o.s.w.s.handler.SimpleUrlHandlerMapping  : Mapped URL path [/**/favicon.ico] onto handler of type [class org.springframework.web.servlet.resource.ResourceHttpRequestHandler]
2018-11-30 10:08:05.156  INFO 30738 --- [           main] s.w.s.m.m.a.RequestMappingHandlerAdapter : Looking for @ControllerAdvice: org.springframework.web.context.support.GenericWebApplicationContext@5b71af0d: startup date [Fri Nov 30 10:07:59 IST 2018]; root of context hierarchy
2018-11-30 10:08:05.246  WARN 30738 --- [           main] ebConfiguration$Neo4jWebMvcConfiguration : spring.data.neo4j.open-in-view is enabled by default.Therefore, database queries may be performed during view rendering. Explicitly configure spring.data.neo4j.open-in-view to disable this warning
[...]
2018-11-30 10:08:05.793  INFO 30738 --- [           main] ConditionEvaluationReportLoggingListener : 

Error starting ApplicationContext. To display the conditions report re-run your application with 'debug' enabled.
2018-11-30 10:08:05.806 ERROR 30738 --- [           main] o.s.boot.SpringApplication               : Application run failed

org.springframework.beans.factory.BeanCreationException: Error creating bean with name 'kafkaListenerContainerFactoryConfigurer' defined in class path resource [org/springframework/boot/autoconfigure/kafka/KafkaAnnotationDrivenConfiguration.class]: Post-processing of merged bean definition failed; nested exception is java.lang.IllegalStateException: Failed to introspect Class [org.springframework.boot.autoconfigure.kafka.ConcurrentKafkaListenerContainerFactoryConfigurer] from ClassLoader [jdk.internal.loader.ClassLoaders$AppClassLoader@4459eb14]
	at org.springframework.beans.factory.support.AbstractAutowireCapableBeanFactory.doCreateBean(AbstractAutowireCapableBeanFactory.java:550) ~[spring-beans-5.0.10.RELEASE.jar:5.0.10.RELEASE]
	at org.springframework.beans.factory.support.AbstractAutowireCapableBeanFactory.createBean(AbstractAutowireCapableBeanFactory.java:495) ~[spring-beans-5.0.10.RELEASE.jar:5.0.10.RELEASE]
	at org.springframework.beans.factory.support.AbstractBeanFactory.lambda$doGetBean$0(AbstractBeanFactory.java:317) ~[spring-beans-5.0.10.RELEASE.jar:5.0.10.RELEASE]
	at org.springframework.beans.factory.support.DefaultSingletonBeanRegistry.getSingleton(DefaultSingletonBeanRegistry.java:222) ~[spring-beans-5.0.10.RELEASE.jar:5.0.10.RELEASE]
	at org.springframework.beans.factory.support.AbstractBeanFactory.doGetBean(AbstractBeanFactory.java:315) ~[spring-beans-5.0.10.RELEASE.jar:5.0.10.RELEASE]
	at org.springframework.beans.factory.support.AbstractBeanFactory.getBean(AbstractBeanFactory.java:199) ~[spring-beans-5.0.10.RELEASE.jar:5.0.10.RELEASE]
	at org.springframework.beans.factory.support.DefaultListableBeanFactory.preInstantiateSingletons(DefaultListableBeanFactory.java:759) ~[spring-beans-5.0.10.RELEASE.jar:5.0.10.RELEASE]
	at org.springframework.context.support.AbstractApplicationContext.finishBeanFactoryInitialization(AbstractApplicationContext.java:867) ~[spring-context-5.0.10.RELEASE.jar:5.0.10.RELEASE]
	at org.springframework.context.support.AbstractApplicationContext.refresh(AbstractApplicationContext.java:548) ~[spring-context-5.0.10.RELEASE.jar:5.0.10.RELEASE]
	at org.springframework.boot.SpringApplication.refresh(SpringApplication.java:754) ~[spring-boot-2.0.6.RELEASE.jar:2.0.6.RELEASE]
	at org.springframework.boot.SpringApplication.refreshContext(SpringApplication.java:386) ~[spring-boot-2.0.6.RELEASE.jar:2.0.6.RELEASE]
	at org.springframework.boot.SpringApplication.run(SpringApplication.java:307) ~[spring-boot-2.0.6.RELEASE.jar:2.0.6.RELEASE]
	at org.springframework.boot.test.context.SpringBootContextLoader.loadContext(SpringBootContextLoader.java:127) [spring-boot-test-2.0.6.RELEASE.jar:2.0.6.RELEASE]
	at org.springframework.test.context.cache.DefaultCacheAwareContextLoaderDelegate.loadContextInternal(DefaultCacheAwareContextLoaderDelegate.java:99) [spring-test-5.0.10.RELEASE.jar:5.0.10.RELEASE]
	at org.springframework.test.context.cache.DefaultCacheAwareContextLoaderDelegate.loadContext(DefaultCacheAwareContextLoaderDelegate.java:117) [spring-test-5.0.10.RELEASE.jar:5.0.10.RELEASE]
	at org.springframework.test.context.support.DefaultTestContext.getApplicationContext(DefaultTestContext.java:108) [spring-test-5.0.10.RELEASE.jar:5.0.10.RELEASE]
	at org.springframework.test.context.web.ServletTestExecutionListener.setUpRequestContextIfNecessary(ServletTestExecutionListener.java:190) [spring-test-5.0.10.RELEASE.jar:5.0.10.RELEASE]
	at org.springframework.test.context.web.ServletTestExecutionListener.prepareTestInstance(ServletTestExecutionListener.java:132) [spring-test-5.0.10.RELEASE.jar:5.0.10.RELEASE]
	at org.springframework.test.context.TestContextManager.prepareTestInstance(TestContextManager.java:246) [spring-test-5.0.10.RELEASE.jar:5.0.10.RELEASE]
	at org.springframework.test.context.junit4.SpringJUnit4ClassRunner.createTest(SpringJUnit4ClassRunner.java:227) [spring-test-5.0.10.RELEASE.jar:5.0.10.RELEASE]
	at org.springframework.test.context.junit4.SpringJUnit4ClassRunner$1.runReflectiveCall(SpringJUnit4ClassRunner.java:289) [spring-test-5.0.10.RELEASE.jar:5.0.10.RELEASE]
	at org.junit.internal.runners.model.ReflectiveCallable.run(ReflectiveCallable.java:12) [junit-4.12.jar:4.12]
	at org.springframework.test.context.junit4.SpringJUnit4ClassRunner.methodBlock(SpringJUnit4ClassRunner.java:291) [spring-test-5.0.10.RELEASE.jar:5.0.10.RELEASE]
	at org.springframework.test.context.junit4.SpringJUnit4ClassRunner.runChild(SpringJUnit4ClassRunner.java:246) [spring-test-5.0.10.RELEASE.jar:5.0.10.RELEASE]
	at org.springframework.test.context.junit4.SpringJUnit4ClassRunner.runChild(SpringJUnit4ClassRunner.java:97) [spring-test-5.0.10.RELEASE.jar:5.0.10.RELEASE]
	at org.junit.runners.ParentRunner$3.run(ParentRunner.java:290) [junit-4.12.jar:4.12]
	at org.junit.runners.ParentRunner$1.schedule(ParentRunner.java:71) [junit-4.12.jar:4.12]
	at org.junit.runners.ParentRunner.runChildren(ParentRunner.java:288) [junit-4.12.jar:4.12]
	at org.junit.runners.ParentRunner.access$000(ParentRunner.java:58) [junit-4.12.jar:4.12]
	at org.junit.runners.ParentRunner$2.evaluate(ParentRunner.java:268) [junit-4.12.jar:4.12]
	at org.springframework.test.context.junit4.statements.RunBeforeTestClassCallbacks.evaluate(RunBeforeTestClassCallbacks.java:61) [spring-test-5.0.10.RELEASE.jar:5.0.10.RELEASE]
	at org.springframework.test.context.junit4.statements.RunAfterTestClassCallbacks.evaluate(RunAfterTestClassCallbacks.java:70) [spring-test-5.0.10.RELEASE.jar:5.0.10.RELEASE]
	at org.junit.runners.ParentRunner.run(ParentRunner.java:363) [junit-4.12.jar:4.12]
	at org.springframework.test.context.junit4.SpringJUnit4ClassRunner.run(SpringJUnit4ClassRunner.java:190) [spring-test-5.0.10.RELEASE.jar:5.0.10.RELEASE]
	at org.apache.maven.surefire.junit4.JUnit4Provider.execute(JUnit4Provider.java:365) [surefire-junit4-2.21.0.jar:2.21.0]
	at org.apache.maven.surefire.junit4.JUnit4Provider.executeWithRerun(JUnit4Provider.java:273) [surefire-junit4-2.21.0.jar:2.21.0]
	at org.apache.maven.surefire.junit4.JUnit4Provider.executeTestSet(JUnit4Provider.java:238) [surefire-junit4-2.21.0.jar:2.21.0]
	at org.apache.maven.surefire.junit4.JUnit4Provider.invoke(JUnit4Provider.java:159) [surefire-junit4-2.21.0.jar:2.21.0]
	at org.apache.maven.surefire.booter.ForkedBooter.invokeProviderInSameClassLoader(ForkedBooter.java:379) [surefire-booter-2.21.0.jar:2.21.0]
	at org.apache.maven.surefire.booter.ForkedBooter.runSuitesInProcess(ForkedBooter.java:340) [surefire-booter-2.21.0.jar:2.21.0]
	at org.apache.maven.surefire.booter.ForkedBooter.execute(ForkedBooter.java:125) [surefire-booter-2.21.0.jar:2.21.0]
	at org.apache.maven.surefire.booter.ForkedBooter.main(ForkedBooter.java:413) [surefire-booter-2.21.0.jar:2.21.0]
Caused by: java.lang.IllegalStateException: Failed to introspect Class [org.springframework.boot.autoconfigure.kafka.ConcurrentKafkaListenerContainerFactoryConfigurer] from ClassLoader [jdk.internal.loader.ClassLoaders$AppClassLoader@4459eb14]
	at org.springframework.util.ReflectionUtils.getDeclaredMethods(ReflectionUtils.java:659) ~[spring-core-5.0.10.RELEASE.jar:5.0.10.RELEASE]
	at org.springframework.util.ReflectionUtils.doWithLocalMethods(ReflectionUtils.java:519) ~[spring-core-5.0.10.RELEASE.jar:5.0.10.RELEASE]
	at org.springframework.beans.factory.annotation.InitDestroyAnnotationBeanPostProcessor.buildLifecycleMetadata(InitDestroyAnnotationBeanPostProcessor.java:208) ~[spring-beans-5.0.10.RELEASE.jar:5.0.10.RELEASE]
	at org.springframework.beans.factory.annotation.InitDestroyAnnotationBeanPostProcessor.findLifecycleMetadata(InitDestroyAnnotationBeanPostProcessor.java:189) ~[spring-beans-5.0.10.RELEASE.jar:5.0.10.RELEASE]
	at org.springframework.beans.factory.annotation.InitDestroyAnnotationBeanPostProcessor.postProcessMergedBeanDefinition(InitDestroyAnnotationBeanPostProcessor.java:128) ~[spring-beans-5.0.10.RELEASE.jar:5.0.10.RELEASE]
	at org.springframework.context.annotation.CommonAnnotationBeanPostProcessor.postProcessMergedBeanDefinition(CommonAnnotationBeanPostProcessor.java:297) ~[spring-context-5.0.10.RELEASE.jar:5.0.10.RELEASE]
	at org.springframework.beans.factory.support.AbstractAutowireCapableBeanFactory.applyMergedBeanDefinitionPostProcessors(AbstractAutowireCapableBeanFactory.java:1013) ~[spring-beans-5.0.10.RELEASE.jar:5.0.10.RELEASE]
	at org.springframework.beans.factory.support.AbstractAutowireCapableBeanFactory.doCreateBean(AbstractAutowireCapableBeanFactory.java:547) ~[spring-beans-5.0.10.RELEASE.jar:5.0.10.RELEASE]
	... 41 common frames omitted
Caused by: java.lang.NoClassDefFoundError: org/springframework/kafka/listener/config/ContainerProperties
	at java.base/java.lang.Class.getDeclaredMethods0(Native Method) ~[na:na]
	at java.base/java.lang.Class.privateGetDeclaredMethods(Class.java:3119) ~[na:na]
	at java.base/java.lang.Class.getDeclaredMethods(Class.java:2268) ~[na:na]
	at org.springframework.util.ReflectionUtils.getDeclaredMethods(ReflectionUtils.java:641) ~[spring-core-5.0.10.RELEASE.jar:5.0.10.RELEASE]
	... 48 common frames omitted
Caused by: java.lang.ClassNotFoundException: org.springframework.kafka.listener.config.ContainerProperties
	at java.base/jdk.internal.loader.BuiltinClassLoader.loadClass(BuiltinClassLoader.java:582) ~[na:na]
	at java.base/jdk.internal.loader.ClassLoaders$AppClassLoader.loadClass(ClassLoaders.java:190) ~[na:na]
	at java.base/java.lang.ClassLoader.loadClass(ClassLoader.java:499) ~[na:na]
	... 52 common frames omitted

2018-11-30 10:08:05.816 ERROR 30738 --- [           main] o.s.test.context.TestContextManager      : Caught exception while allowing TestExecutionListener [org.springframework.test.context.web.ServletTestExecutionListener@6cf047cf] to prepare test instance [com.stackroute.knowledgevault.queryEngine.QueryEngineApplicationTests@686a7922]

java.lang.IllegalStateException: Failed to load ApplicationContext
	at org.springframework.test.context.cache.DefaultCacheAwareContextLoaderDelegate.loadContext(DefaultCacheAwareContextLoaderDelegate.java:125) ~[spring-test-5.0.10.RELEASE.jar:5.0.10.RELEASE]
	at org.springframework.test.context.support.DefaultTestContext.getApplicationContext(DefaultTestContext.java:108) ~[spring-test-5.0.10.RELEASE.jar:5.0.10.RELEASE]
	at org.springframework.test.context.web.ServletTestExecutionListener.setUpRequestContextIfNecessary(ServletTestExecutionListener.java:190) ~[spring-test-5.0.10.RELEASE.jar:5.0.10.RELEASE]
	at org.springframework.test.context.web.ServletTestExecutionListener.prepareTestInstance(ServletTestExecutionListener.java:132) ~[spring-test-5.0.10.RELEASE.jar:5.0.10.RELEASE]
	at org.springframework.test.context.TestContextManager.prepareTestInstance(TestContextManager.java:246) ~[spring-test-5.0.10.RELEASE.jar:5.0.10.RELEASE]
	at org.springframework.test.context.junit4.SpringJUnit4ClassRunner.createTest(SpringJUnit4ClassRunner.java:227) [spring-test-5.0.10.RELEASE.jar:5.0.10.RELEASE]
	at org.springframework.test.context.junit4.SpringJUnit4ClassRunner$1.runReflectiveCall(SpringJUnit4ClassRunner.java:289) [spring-test-5.0.10.RELEASE.jar:5.0.10.RELEASE]
	at org.junit.internal.runners.model.ReflectiveCallable.run(ReflectiveCallable.java:12) [junit-4.12.jar:4.12]
	at org.springframework.test.context.junit4.SpringJUnit4ClassRunner.methodBlock(SpringJUnit4ClassRunner.java:291) [spring-test-5.0.10.RELEASE.jar:5.0.10.RELEASE]
	at org.springframework.test.context.junit4.SpringJUnit4ClassRunner.runChild(SpringJUnit4ClassRunner.java:246) [spring-test-5.0.10.RELEASE.jar:5.0.10.RELEASE]
	at org.springframework.test.context.junit4.SpringJUnit4ClassRunner.runChild(SpringJUnit4ClassRunner.java:97) [spring-test-5.0.10.RELEASE.jar:5.0.10.RELEASE]
	at org.junit.runners.ParentRunner$3.run(ParentRunner.java:290) [junit-4.12.jar:4.12]
	at org.junit.runners.ParentRunner$1.schedule(ParentRunner.java:71) [junit-4.12.jar:4.12]
	at org.junit.runners.ParentRunner.runChildren(ParentRunner.java:288) [junit-4.12.jar:4.12]
	at org.junit.runners.ParentRunner.access$000(ParentRunner.java:58) [junit-4.12.jar:4.12]
	at org.junit.runners.ParentRunner$2.evaluate(ParentRunner.java:268) [junit-4.12.jar:4.12]
	at org.springframework.test.context.junit4.statements.RunBeforeTestClassCallbacks.evaluate(RunBeforeTestClassCallbacks.java:61) [spring-test-5.0.10.RELEASE.jar:5.0.10.RELEASE]
	at org.springframework.test.context.junit4.statements.RunAfterTestClassCallbacks.evaluate(RunAfterTestClassCallbacks.java:70) [spring-test-5.0.10.RELEASE.jar:5.0.10.RELEASE]
	at org.junit.runners.ParentRunner.run(ParentRunner.java:363) [junit-4.12.jar:4.12]
	at org.springframework.test.context.junit4.SpringJUnit4ClassRunner.run(SpringJUnit4ClassRunner.java:190) [spring-test-5.0.10.RELEASE.jar:5.0.10.RELEASE]
	at org.apache.maven.surefire.junit4.JUnit4Provider.execute(JUnit4Provider.java:365) [surefire-junit4-2.21.0.jar:2.21.0]
	at org.apache.maven.surefire.junit4.JUnit4Provider.executeWithRerun(JUnit4Provider.java:273) [surefire-junit4-2.21.0.jar:2.21.0]
	at org.apache.maven.surefire.junit4.JUnit4Provider.executeTestSet(JUnit4Provider.java:238) [surefire-junit4-2.21.0.jar:2.21.0]
	at org.apache.maven.surefire.junit4.JUnit4Provider.invoke(JUnit4Provider.java:159) [surefire-junit4-2.21.0.jar:2.21.0]
	at org.apache.maven.surefire.booter.ForkedBooter.invokeProviderInSameClassLoader(ForkedBooter.java:379) [surefire-booter-2.21.0.jar:2.21.0]
	at org.apache.maven.surefire.booter.ForkedBooter.runSuitesInProcess(ForkedBooter.java:340) [surefire-booter-2.21.0.jar:2.21.0]
	at org.apache.maven.surefire.booter.ForkedBooter.execute(ForkedBooter.java:125) [surefire-booter-2.21.0.jar:2.21.0]
	at org.apache.maven.surefire.booter.ForkedBooter.main(ForkedBooter.java:413) [surefire-booter-2.21.0.jar:2.21.0]
Caused by: org.springframework.beans.factory.BeanCreationException: Error creating bean with name 'kafkaListenerContainerFactoryConfigurer' defined in class path resource [org/springframework/boot/autoconfigure/kafka/KafkaAnnotationDrivenConfiguration.class]: Post-processing of merged bean definition failed; nested exception is java.lang.IllegalStateException: Failed to introspect Class [org.springframework.boot.autoconfigure.kafka.ConcurrentKafkaListenerContainerFactoryConfigurer] from ClassLoader [jdk.internal.loader.ClassLoaders$AppClassLoader@4459eb14]
	at org.springframework.beans.factory.support.AbstractAutowireCapableBeanFactory.doCreateBean(AbstractAutowireCapableBeanFactory.java:550) ~[spring-beans-5.0.10.RELEASE.jar:5.0.10.RELEASE]
	at org.springframework.beans.factory.support.AbstractAutowireCapableBeanFactory.createBean(AbstractAutowireCapableBeanFactory.java:495) ~[spring-beans-5.0.10.RELEASE.jar:5.0.10.RELEASE]
	at org.springframework.beans.factory.support.AbstractBeanFactory.lambda$doGetBean$0(AbstractBeanFactory.java:317) ~[spring-beans-5.0.10.RELEASE.jar:5.0.10.RELEASE]
	at org.springframework.beans.factory.support.DefaultSingletonBeanRegistry.getSingleton(DefaultSingletonBeanRegistry.java:222) ~[spring-beans-5.0.10.RELEASE.jar:5.0.10.RELEASE]
	at org.springframework.beans.factory.support.AbstractBeanFactory.doGetBean(AbstractBeanFactory.java:315) ~[spring-beans-5.0.10.RELEASE.jar:5.0.10.RELEASE]
	at org.springframework.beans.factory.support.AbstractBeanFactory.getBean(AbstractBeanFactory.java:199) ~[spring-beans-5.0.10.RELEASE.jar:5.0.10.RELEASE]
	at org.springframework.beans.factory.support.DefaultListableBeanFactory.preInstantiateSingletons(DefaultListableBeanFactory.java:759) ~[spring-beans-5.0.10.RELEASE.jar:5.0.10.RELEASE]
	at org.springframework.context.support.AbstractApplicationContext.finishBeanFactoryInitialization(AbstractApplicationContext.java:867) ~[spring-context-5.0.10.RELEASE.jar:5.0.10.RELEASE]
	at org.springframework.context.support.AbstractApplicationContext.refresh(AbstractApplicationContext.java:548) ~[spring-context-5.0.10.RELEASE.jar:5.0.10.RELEASE]
	at org.springframework.boot.SpringApplication.refresh(SpringApplication.java:754) ~[spring-boot-2.0.6.RELEASE.jar:2.0.6.RELEASE]
	at org.springframework.boot.SpringApplication.refreshContext(SpringApplication.java:386) ~[spring-boot-2.0.6.RELEASE.jar:2.0.6.RELEASE]
	at org.springframework.boot.SpringApplication.run(SpringApplication.java:307) ~[spring-boot-2.0.6.RELEASE.jar:2.0.6.RELEASE]
	at org.springframework.boot.test.context.SpringBootContextLoader.loadContext(SpringBootContextLoader.java:127) ~[spring-boot-test-2.0.6.RELEASE.jar:2.0.6.RELEASE]
	at org.springframework.test.context.cache.DefaultCacheAwareContextLoaderDelegate.loadContextInternal(DefaultCacheAwareContextLoaderDelegate.java:99) ~[spring-test-5.0.10.RELEASE.jar:5.0.10.RELEASE]
	at org.springframework.test.context.cache.DefaultCacheAwareContextLoaderDelegate.loadContext(DefaultCacheAwareContextLoaderDelegate.java:117) ~[spring-test-5.0.10.RELEASE.jar:5.0.10.RELEASE]
	... 27 common frames omitted
Caused by: java.lang.IllegalStateException: Failed to introspect Class [org.springframework.boot.autoconfigure.kafka.ConcurrentKafkaListenerContainerFactoryConfigurer] from ClassLoader [jdk.internal.loader.ClassLoaders$AppClassLoader@4459eb14]
	at org.springframework.util.ReflectionUtils.getDeclaredMethods(ReflectionUtils.java:659) ~[spring-core-5.0.10.RELEASE.jar:5.0.10.RELEASE]
	at org.springframework.util.ReflectionUtils.doWithLocalMethods(ReflectionUtils.java:519) ~[spring-core-5.0.10.RELEASE.jar:5.0.10.RELEASE]
	at org.springframework.beans.factory.annotation.InitDestroyAnnotationBeanPostProcessor.buildLifecycleMetadata(InitDestroyAnnotationBeanPostProcessor.java:208) ~[spring-beans-5.0.10.RELEASE.jar:5.0.10.RELEASE]
	at org.springframework.beans.factory.annotation.InitDestroyAnnotationBeanPostProcessor.findLifecycleMetadata(InitDestroyAnnotationBeanPostProcessor.java:189) ~[spring-beans-5.0.10.RELEASE.jar:5.0.10.RELEASE]
	at org.springframework.beans.factory.annotation.InitDestroyAnnotationBeanPostProcessor.postProcessMergedBeanDefinition(InitDestroyAnnotationBeanPostProcessor.java:128) ~[spring-beans-5.0.10.RELEASE.jar:5.0.10.RELEASE]
	at org.springframework.context.annotation.CommonAnnotationBeanPostProcessor.postProcessMergedBeanDefinition(CommonAnnotationBeanPostProcessor.java:297) ~[spring-context-5.0.10.RELEASE.jar:5.0.10.RELEASE]
	at org.springframework.beans.factory.support.AbstractAutowireCapableBeanFactory.applyMergedBeanDefinitionPostProcessors(AbstractAutowireCapableBeanFactory.java:1013) ~[spring-beans-5.0.10.RELEASE.jar:5.0.10.RELEASE]
	at org.springframework.beans.factory.support.AbstractAutowireCapableBeanFactory.doCreateBean(AbstractAutowireCapableBeanFactory.java:547) ~[spring-beans-5.0.10.RELEASE.jar:5.0.10.RELEASE]
	... 41 common frames omitted
Caused by: java.lang.NoClassDefFoundError: org/springframework/kafka/listener/config/ContainerProperties
	at java.base/java.lang.Class.getDeclaredMethods0(Native Method) ~[na:na]
	at java.base/java.lang.Class.privateGetDeclaredMethods(Class.java:3119) ~[na:na]
	at java.base/java.lang.Class.getDeclaredMethods(Class.java:2268) ~[na:na]
	at org.springframework.util.ReflectionUtils.getDeclaredMethods(ReflectionUtils.java:641) ~[spring-core-5.0.10.RELEASE.jar:5.0.10.RELEASE]
	... 48 common frames omitted
Caused by: java.lang.ClassNotFoundException: org.springframework.kafka.listener.config.ContainerProperties
	at java.base/jdk.internal.loader.BuiltinClassLoader.loadClass(BuiltinClassLoader.java:582) ~[na:na]
	at java.base/jdk.internal.loader.ClassLoaders$AppClassLoader.loadClass(ClassLoaders.java:190) ~[na:na]
	at java.base/java.lang.ClassLoader.loadClass(ClassLoader.java:499) ~[na:na]
	... 52 common frames omitted

]]></system-out>
  </testcase>
</testsuite>